<?xml version="1.0" encoding="UTF-8"?>
<coverage generated="1755526825577" clover="3.2.0">
  <project timestamp="1755526825577" name="All files">
    <metrics statements="378" coveredstatements="353" conditionals="148" coveredconditionals="95" methods="61" coveredmethods="59" elements="587" coveredelements="507" complexity="0" loc="378" ncloc="378" packages="12" files="25" classes="25"/>
    <package name="Backend">
      <metrics statements="51" coveredstatements="45" conditionals="2" coveredconditionals="0" methods="1" coveredmethods="0"/>
      <file name="app.ts" path="C:\Users\Hello\OneDrive\Desktop\Backend\app.ts">
        <metrics statements="48" coveredstatements="45" conditionals="1" coveredconditionals="0" methods="0" coveredmethods="0"/>
        <line num="1" count="1" type="stmt"/>
        <line num="2" count="1" type="stmt"/>
        <line num="3" count="1" type="stmt"/>
        <line num="4" count="1" type="stmt"/>
        <line num="5" count="1" type="stmt"/>
        <line num="7" count="1" type="stmt"/>
        <line num="8" count="1" type="stmt"/>
        <line num="9" count="1" type="stmt"/>
        <line num="10" count="1" type="stmt"/>
        <line num="11" count="1" type="stmt"/>
        <line num="13" count="1" type="stmt"/>
        <line num="14" count="1" type="stmt"/>
        <line num="15" count="1" type="stmt"/>
        <line num="16" count="1" type="stmt"/>
        <line num="17" count="1" type="stmt"/>
        <line num="18" count="1" type="stmt"/>
        <line num="20" count="1" type="stmt"/>
        <line num="21" count="1" type="stmt"/>
        <line num="22" count="1" type="stmt"/>
        <line num="23" count="1" type="stmt"/>
        <line num="25" count="1" type="stmt"/>
        <line num="27" count="1" type="stmt"/>
        <line num="28" count="1" type="stmt"/>
        <line num="29" count="1" type="stmt"/>
        <line num="30" count="1" type="stmt"/>
        <line num="32" count="1" type="stmt"/>
        <line num="34" count="1" type="stmt"/>
        <line num="35" count="1" type="stmt"/>
        <line num="36" count="1" type="stmt"/>
        <line num="37" count="1" type="cond" truecount="0" falsecount="1"/>
        <line num="39" count="1" type="stmt"/>
        <line num="40" count="1" type="stmt"/>
        <line num="41" count="1" type="stmt"/>
        <line num="42" count="1" type="stmt"/>
        <line num="43" count="1" type="stmt"/>
        <line num="44" count="1" type="stmt"/>
        <line num="46" count="1" type="stmt"/>
        <line num="47" count="1" type="stmt"/>
        <line num="48" count="1" type="stmt"/>
        <line num="50" count="1" type="stmt"/>
        <line num="51" count="1" type="stmt"/>
        <line num="53" count="1" type="stmt"/>
        <line num="54" count="1" type="stmt"/>
        <line num="56" count="1" type="stmt"/>
        <line num="57" count="0" type="stmt"/>
        <line num="58" count="0" type="stmt"/>
        <line num="59" count="0" type="stmt"/>
        <line num="61" count="1" type="stmt"/>
      </file>
      <file name="server.ts" path="C:\Users\Hello\OneDrive\Desktop\Backend\server.ts">
        <metrics statements="3" coveredstatements="0" conditionals="1" coveredconditionals="0" methods="1" coveredmethods="0"/>
        <line num="1" count="0" type="cond" truecount="0" falsecount="1"/>
        <line num="3" count="0" type="stmt"/>
        <line num="4" count="0" type="stmt"/>
      </file>
    </package>
    <package name="Backend.application.auth">
      <metrics statements="30" coveredstatements="30" conditionals="10" coveredconditionals="6" methods="6" coveredmethods="6"/>
      <file name="LoginUser.ts" path="C:\Users\Hello\OneDrive\Desktop\Backend\application\auth\LoginUser.ts">
        <metrics statements="11" coveredstatements="11" conditionals="4" coveredconditionals="2" methods="2" coveredmethods="2"/>
        <line num="5" count="1" type="stmt"/>
        <line num="6" count="1" type="cond" truecount="1" falsecount="0"/>
        <line num="7" count="1" type="cond" truecount="1" falsecount="0"/>
        <line num="8" count="3" type="stmt"/>
        <line num="9" count="3" type="cond" truecount="0" falsecount="1"/>
        <line num="10" count="3" type="stmt"/>
        <line num="11" count="3" type="cond" truecount="0" falsecount="1"/>
        <line num="12" count="3" type="stmt"/>
        <line num="13" count="3" type="stmt"/>
        <line num="14" count="3" type="stmt"/>
        <line num="15" count="1" type="stmt"/>
      </file>
      <file name="PromoteUser.ts" path="C:\Users\Hello\OneDrive\Desktop\Backend\application\auth\PromoteUser.ts">
        <metrics statements="8" coveredstatements="8" conditionals="3" coveredconditionals="2" methods="2" coveredmethods="2"/>
        <line num="3" count="1" type="stmt"/>
        <line num="4" count="1" type="cond" truecount="1" falsecount="0"/>
        <line num="5" count="1" type="cond" truecount="1" falsecount="0"/>
        <line num="6" count="1" type="stmt"/>
        <line num="7" count="1" type="cond" truecount="0" falsecount="1"/>
        <line num="8" count="1" type="stmt"/>
        <line num="9" count="1" type="stmt"/>
        <line num="10" count="1" type="stmt"/>
      </file>
      <file name="RegisterUser.ts" path="C:\Users\Hello\OneDrive\Desktop\Backend\application\auth\RegisterUser.ts">
        <metrics statements="11" coveredstatements="11" conditionals="3" coveredconditionals="2" methods="2" coveredmethods="2"/>
        <line num="4" count="1" type="stmt"/>
        <line num="5" count="1" type="cond" truecount="1" falsecount="0"/>
        <line num="6" count="1" type="cond" truecount="1" falsecount="0"/>
        <line num="7" count="3" type="stmt"/>
        <line num="8" count="3" type="stmt"/>
        <line num="9" count="3" type="cond" truecount="0" falsecount="1"/>
        <line num="10" count="3" type="stmt"/>
        <line num="11" count="3" type="stmt"/>
        <line num="12" count="3" type="stmt"/>
        <line num="13" count="3" type="stmt"/>
        <line num="14" count="1" type="stmt"/>
      </file>
    </package>
    <package name="Backend.application.tasks">
      <metrics statements="32" coveredstatements="32" conditionals="19" coveredconditionals="13" methods="12" coveredmethods="12"/>
      <file name="CrudTasks.ts" path="C:\Users\Hello\OneDrive\Desktop\Backend\application\tasks\CrudTasks.ts">
        <metrics statements="11" coveredstatements="11" conditionals="9" coveredconditionals="9" methods="8" coveredmethods="8"/>
        <line num="1" count="1" type="stmt"/>
        <line num="5" count="1" type="cond" truecount="2" falsecount="0"/>
        <line num="7" count="1" type="stmt"/>
        <line num="8" count="1" type="cond" truecount="1" falsecount="0"/>
        <line num="9" count="1" type="cond" truecount="1" falsecount="0"/>
        <line num="10" count="18" type="cond" truecount="1" falsecount="0"/>
        <line num="11" count="18" type="stmt"/>
        <line num="12" count="18" type="stmt"/>
        <line num="13" count="1" type="stmt"/>
        <line num="15" count="1" type="cond" truecount="2" falsecount="0"/>
        <line num="17" count="1" type="cond" truecount="2" falsecount="0"/>
      </file>
      <file name="ListTasks.ts" path="C:\Users\Hello\OneDrive\Desktop\Backend\application\tasks\ListTasks.ts">
        <metrics statements="15" coveredstatements="15" conditionals="8" coveredconditionals="2" methods="2" coveredmethods="2"/>
        <line num="10" count="1" type="stmt"/>
        <line num="11" count="1" type="cond" truecount="1" falsecount="0"/>
        <line num="12" count="1" type="cond" truecount="1" falsecount="0"/>
        <line num="13" count="3" type="cond" truecount="0" falsecount="2"/>
        <line num="14" count="3" type="cond" truecount="0" falsecount="2"/>
        <line num="15" count="3" type="stmt"/>
        <line num="16" count="3" type="cond" truecount="0" falsecount="1"/>
        <line num="17" count="3" type="cond" truecount="0" falsecount="1"/>
        <line num="18" count="3" type="stmt"/>
        <line num="19" count="3" type="stmt"/>
        <line num="20" count="3" type="stmt"/>
        <line num="21" count="3" type="stmt"/>
        <line num="22" count="3" type="stmt"/>
        <line num="23" count="3" type="stmt"/>
        <line num="24" count="1" type="stmt"/>
      </file>
      <file name="UploadAttachment.ts" path="C:\Users\Hello\OneDrive\Desktop\Backend\application\tasks\UploadAttachment.ts">
        <metrics statements="6" coveredstatements="6" conditionals="2" coveredconditionals="2" methods="2" coveredmethods="2"/>
        <line num="4" count="1" type="stmt"/>
        <line num="5" count="1" type="cond" truecount="1" falsecount="0"/>
        <line num="7" count="1" type="cond" truecount="1" falsecount="0"/>
        <line num="8" count="1" type="stmt"/>
        <line num="9" count="1" type="stmt"/>
        <line num="10" count="1" type="stmt"/>
      </file>
    </package>
    <package name="Backend.domain.repositories">
      <metrics statements="0" coveredstatements="0" conditionals="2" coveredconditionals="2" methods="2" coveredmethods="2"/>
      <file name="TaskRepository.ts" path="C:\Users\Hello\OneDrive\Desktop\Backend\domain\repositories\TaskRepository.ts">
        <metrics statements="0" coveredstatements="0" conditionals="1" coveredconditionals="1" methods="1" coveredmethods="1"/>
      </file>
      <file name="UserRepository.ts" path="C:\Users\Hello\OneDrive\Desktop\Backend\domain\repositories\UserRepository.ts">
        <metrics statements="0" coveredstatements="0" conditionals="1" coveredconditionals="1" methods="1" coveredmethods="1"/>
      </file>
    </package>
    <package name="Backend.domain.services">
      <metrics statements="0" coveredstatements="0" conditionals="2" coveredconditionals="2" methods="2" coveredmethods="2"/>
      <file name="PasswordHasher.ts" path="C:\Users\Hello\OneDrive\Desktop\Backend\domain\services\PasswordHasher.ts">
        <metrics statements="0" coveredstatements="0" conditionals="1" coveredconditionals="1" methods="1" coveredmethods="1"/>
      </file>
      <file name="TokenService.ts" path="C:\Users\Hello\OneDrive\Desktop\Backend\domain\services\TokenService.ts">
        <metrics statements="0" coveredstatements="0" conditionals="1" coveredconditionals="1" methods="1" coveredmethods="1"/>
      </file>
    </package>
    <package name="Backend.domain.types">
      <metrics statements="0" coveredstatements="0" conditionals="2" coveredconditionals="2" methods="2" coveredmethods="2"/>
      <file name="task.ts" path="C:\Users\Hello\OneDrive\Desktop\Backend\domain\types\task.ts">
        <metrics statements="0" coveredstatements="0" conditionals="1" coveredconditionals="1" methods="1" coveredmethods="1"/>
      </file>
      <file name="user.ts" path="C:\Users\Hello\OneDrive\Desktop\Backend\domain\types\user.ts">
        <metrics statements="0" coveredstatements="0" conditionals="1" coveredconditionals="1" methods="1" coveredmethods="1"/>
      </file>
    </package>
    <package name="Backend.infrastructure.prisma">
      <metrics statements="80" coveredstatements="71" conditionals="35" coveredconditionals="19" methods="14" coveredmethods="13"/>
      <file name="PrismaTaskRepository.ts" path="C:\Users\Hello\OneDrive\Desktop\Backend\infrastructure\prisma\PrismaTaskRepository.ts">
        <metrics statements="57" coveredstatements="52" conditionals="30" coveredconditionals="15" methods="9" coveredmethods="9"/>
        <line num="5" count="1" type="stmt"/>
        <line num="6" count="1" type="cond" truecount="1" falsecount="0"/>
        <line num="8" count="1" type="cond" truecount="1" falsecount="0"/>
        <line num="9" count="3" type="cond" truecount="0" falsecount="1"/>
        <line num="10" count="3" type="cond" truecount="0" falsecount="1"/>
        <line num="11" count="3" type="stmt"/>
        <line num="12" count="3" type="stmt"/>
        <line num="14" count="1" type="cond" truecount="1" falsecount="0"/>
        <line num="15" count="6" type="stmt"/>
        <line num="16" count="6" type="stmt"/>
        <line num="17" count="6" type="cond" truecount="2" falsecount="0"/>
        <line num="18" count="6" type="cond" truecount="0" falsecount="2"/>
        <line num="19" count="0" type="stmt"/>
        <line num="20" count="0" type="stmt"/>
        <line num="21" count="0" type="stmt"/>
        <line num="22" count="6" type="cond" truecount="0" falsecount="1"/>
        <line num="23" count="6" type="stmt"/>
        <line num="24" count="6" type="cond" truecount="0" falsecount="1"/>
        <line num="25" count="6" type="cond" truecount="0" falsecount="1"/>
        <line num="26" count="6" type="cond" truecount="0" falsecount="1"/>
        <line num="27" count="6" type="cond" truecount="0" falsecount="1"/>
        <line num="28" count="6" type="cond" truecount="0" falsecount="1"/>
        <line num="29" count="6" type="cond" truecount="2" falsecount="0"/>
        <line num="30" count="6" type="stmt"/>
        <line num="32" count="1" type="cond" truecount="1" falsecount="0"/>
        <line num="33" count="3" type="stmt"/>
        <line num="34" count="3" type="stmt"/>
        <line num="35" count="3" type="stmt"/>
        <line num="36" count="3" type="stmt"/>
        <line num="37" count="3" type="stmt"/>
        <line num="38" count="3" type="stmt"/>
        <line num="39" count="3" type="stmt"/>
        <line num="41" count="1" type="cond" truecount="1" falsecount="0"/>
        <line num="42" count="3" type="stmt"/>
        <line num="43" count="3" type="stmt"/>
        <line num="45" count="1" type="cond" truecount="1" falsecount="0"/>
        <line num="46" count="9" type="stmt"/>
        <line num="47" count="9" type="stmt"/>
        <line num="49" count="1" type="cond" truecount="1" falsecount="0"/>
        <line num="50" count="17" type="stmt"/>
        <line num="51" count="17" type="stmt"/>
        <line num="53" count="1" type="cond" truecount="1" falsecount="0"/>
        <line num="54" count="2" type="stmt"/>
        <line num="55" count="2" type="stmt"/>
        <line num="56" count="2" type="cond" truecount="0" falsecount="1"/>
        <line num="57" count="2" type="cond" truecount="1" falsecount="0"/>
        <line num="58" count="2" type="cond" truecount="0" falsecount="1"/>
        <line num="59" count="2" type="cond" truecount="1" falsecount="0"/>
        <line num="60" count="2" type="cond" truecount="0" falsecount="1"/>
        <line num="61" count="2" type="cond" truecount="0" falsecount="1"/>
        <line num="62" count="0" type="stmt"/>
        <line num="63" count="2" type="stmt"/>
        <line num="65" count="1" type="cond" truecount="1" falsecount="0"/>
        <line num="66" count="1" type="cond" truecount="0" falsecount="1"/>
        <line num="67" count="0" type="stmt"/>
        <line num="68" count="1" type="stmt"/>
        <line num="69" count="1" type="stmt"/>
      </file>
      <file name="PrismaUserRepository.ts" path="C:\Users\Hello\OneDrive\Desktop\Backend\infrastructure\prisma\PrismaUserRepository.ts">
        <metrics statements="21" coveredstatements="17" conditionals="5" coveredconditionals="4" methods="5" coveredmethods="4"/>
        <line num="5" count="1" type="stmt"/>
        <line num="6" count="1" type="cond" truecount="1" falsecount="0"/>
        <line num="7" count="1" type="cond" truecount="1" falsecount="0"/>
        <line num="8" count="6" type="stmt"/>
        <line num="9" count="6" type="stmt"/>
        <line num="10" count="1" type="stmt"/>
        <line num="11" count="0" type="stmt"/>
        <line num="12" count="0" type="stmt"/>
        <line num="13" count="1" type="cond" truecount="1" falsecount="0"/>
        <line num="14" count="3" type="stmt"/>
        <line num="15" count="3" type="stmt"/>
        <line num="16" count="3" type="stmt"/>
        <line num="17" count="3" type="stmt"/>
        <line num="18" count="1" type="cond" truecount="1" falsecount="0"/>
        <line num="19" count="1" type="stmt"/>
        <line num="20" count="1" type="stmt"/>
        <line num="21" count="1" type="cond" truecount="0" falsecount="1"/>
        <line num="22" count="0" type="stmt"/>
        <line num="23" count="0" type="stmt"/>
        <line num="24" count="1" type="stmt"/>
        <line num="25" count="1" type="stmt"/>
      </file>
      <file name="client.ts" path="C:\Users\Hello\OneDrive\Desktop\Backend\infrastructure\prisma\client.ts">
        <metrics statements="2" coveredstatements="2" conditionals="0" coveredconditionals="0" methods="0" coveredmethods="0"/>
        <line num="1" count="1" type="stmt"/>
        <line num="3" count="1" type="stmt"/>
      </file>
    </package>
    <package name="Backend.infrastructure.security">
      <metrics statements="15" coveredstatements="15" conditionals="5" coveredconditionals="5" methods="5" coveredmethods="5"/>
      <file name="BcryptPasswordHasher.ts" path="C:\Users\Hello\OneDrive\Desktop\Backend\infrastructure\security\BcryptPasswordHasher.ts">
        <metrics statements="6" coveredstatements="6" conditionals="3" coveredconditionals="3" methods="3" coveredmethods="3"/>
        <line num="1" count="1" type="stmt"/>
        <line num="4" count="1" type="stmt"/>
        <line num="5" count="1" type="cond" truecount="1" falsecount="0"/>
        <line num="6" count="1" type="cond" truecount="1" falsecount="0"/>
        <line num="7" count="1" type="cond" truecount="1" falsecount="0"/>
        <line num="8" count="1" type="stmt"/>
      </file>
      <file name="JwtTokenService.ts" path="C:\Users\Hello\OneDrive\Desktop\Backend\infrastructure\security\JwtTokenService.ts">
        <metrics statements="9" coveredstatements="9" conditionals="2" coveredconditionals="2" methods="2" coveredmethods="2"/>
        <line num="1" count="1" type="stmt"/>
        <line num="4" count="1" type="stmt"/>
        <line num="5" count="1" type="cond" truecount="1" falsecount="0"/>
        <line num="7" count="1" type="cond" truecount="1" falsecount="0"/>
        <line num="8" count="3" type="stmt"/>
        <line num="9" count="3" type="stmt"/>
        <line num="10" count="3" type="stmt"/>
        <line num="11" count="3" type="stmt"/>
        <line num="12" count="1" type="stmt"/>
      </file>
    </package>
    <package name="Backend.infrastructure.storage">
      <metrics statements="11" coveredstatements="11" conditionals="2" coveredconditionals="2" methods="2" coveredmethods="2"/>
      <file name="LocalFileStorage.ts" path="C:\Users\Hello\OneDrive\Desktop\Backend\infrastructure\storage\LocalFileStorage.ts">
        <metrics statements="11" coveredstatements="11" conditionals="2" coveredconditionals="2" methods="2" coveredmethods="2"/>
        <line num="1" count="1" type="stmt"/>
        <line num="3" count="1" type="stmt"/>
        <line num="4" count="1" type="cond" truecount="1" falsecount="0"/>
        <line num="5" count="1" type="stmt"/>
        <line num="6" count="1" type="stmt"/>
        <line num="7" count="1" type="stmt"/>
        <line num="9" count="1" type="cond" truecount="1" falsecount="0"/>
        <line num="10" count="1" type="stmt"/>
        <line num="11" count="1" type="stmt"/>
        <line num="12" count="1" type="stmt"/>
        <line num="13" count="1" type="stmt"/>
      </file>
    </package>
    <package name="Backend.interface.http">
      <metrics statements="112" coveredstatements="105" conditionals="54" coveredconditionals="32" methods="11" coveredmethods="11"/>
      <file name="AuthController.ts" path="C:\Users\Hello\OneDrive\Desktop\Backend\interface\http\AuthController.ts">
        <metrics statements="31" coveredstatements="25" conditionals="9" coveredconditionals="4" methods="4" coveredmethods="4"/>
        <line num="6" count="1" type="stmt"/>
        <line num="7" count="1" type="cond" truecount="1" falsecount="0"/>
        <line num="9" count="1" type="cond" truecount="1" falsecount="0"/>
        <line num="10" count="3" type="stmt"/>
        <line num="11" count="3" type="cond" truecount="0" falsecount="1"/>
        <line num="12" count="3" type="stmt"/>
        <line num="13" count="3" type="stmt"/>
        <line num="14" count="3" type="stmt"/>
        <line num="15" count="3" type="cond" truecount="0" falsecount="1"/>
        <line num="16" count="0" type="stmt"/>
        <line num="17" count="0" type="stmt"/>
        <line num="18" count="3" type="stmt"/>
        <line num="20" count="1" type="cond" truecount="1" falsecount="0"/>
        <line num="21" count="3" type="stmt"/>
        <line num="22" count="3" type="cond" truecount="0" falsecount="1"/>
        <line num="23" count="3" type="stmt"/>
        <line num="24" count="3" type="stmt"/>
        <line num="25" count="3" type="stmt"/>
        <line num="26" count="3" type="cond" truecount="0" falsecount="1"/>
        <line num="27" count="0" type="stmt"/>
        <line num="28" count="0" type="stmt"/>
        <line num="29" count="3" type="stmt"/>
        <line num="31" count="1" type="cond" truecount="1" falsecount="0"/>
        <line num="32" count="1" type="stmt"/>
        <line num="33" count="1" type="stmt"/>
        <line num="34" count="1" type="stmt"/>
        <line num="35" count="1" type="cond" truecount="0" falsecount="1"/>
        <line num="36" count="0" type="stmt"/>
        <line num="37" count="0" type="stmt"/>
        <line num="38" count="1" type="stmt"/>
        <line num="39" count="1" type="stmt"/>
      </file>
      <file name="TaskController.ts" path="C:\Users\Hello\OneDrive\Desktop\Backend\interface\http\TaskController.ts">
        <metrics statements="81" coveredstatements="80" conditionals="45" coveredconditionals="28" methods="7" coveredmethods="7"/>
        <line num="1" count="1" type="stmt"/>
        <line num="7" count="1" type="stmt"/>
        <line num="8" count="1" type="cond" truecount="1" falsecount="0"/>
        <line num="9" count="1" type="stmt"/>
        <line num="10" count="1" type="stmt"/>
        <line num="11" count="1" type="stmt"/>
        <line num="12" count="1" type="stmt"/>
        <line num="13" count="1" type="stmt"/>
        <line num="14" count="1" type="stmt"/>
        <line num="15" count="1" type="stmt"/>
        <line num="16" count="1" type="stmt"/>
        <line num="18" count="1" type="cond" truecount="1" falsecount="0"/>
        <line num="19" count="3" type="stmt"/>
        <line num="20" count="3" type="cond" truecount="1" falsecount="0"/>
        <line num="21" count="3" type="cond" truecount="0" falsecount="2"/>
        <line num="22" count="3" type="stmt"/>
        <line num="23" count="3" type="stmt"/>
        <line num="24" count="3" type="stmt"/>
        <line num="25" count="3" type="stmt"/>
        <line num="26" count="3" type="cond" truecount="0" falsecount="1"/>
        <line num="27" count="3" type="stmt"/>
        <line num="28" count="3" type="cond" truecount="0" falsecount="1"/>
        <line num="29" count="3" type="cond" truecount="0" falsecount="1"/>
        <line num="30" count="3" type="cond" truecount="0" falsecount="2"/>
        <line num="31" count="3" type="stmt"/>
        <line num="32" count="3" type="cond" truecount="1" falsecount="0"/>
        <line num="33" count="3" type="cond" truecount="1" falsecount="0"/>
        <line num="34" count="3" type="stmt"/>
        <line num="35" count="3" type="stmt"/>
        <line num="36" count="3" type="stmt"/>
        <line num="37" count="3" type="cond" truecount="1" falsecount="0"/>
        <line num="38" count="3" type="stmt"/>
        <line num="40" count="1" type="cond" truecount="1" falsecount="0"/>
        <line num="41" count="2" type="stmt"/>
        <line num="42" count="2" type="stmt"/>
        <line num="43" count="2" type="cond" truecount="1" falsecount="0"/>
        <line num="44" count="2" type="cond" truecount="1" falsecount="1"/>
        <line num="45" count="0" type="stmt"/>
        <line num="46" count="2" type="stmt"/>
        <line num="48" count="1" type="cond" truecount="1" falsecount="0"/>
        <line num="49" count="18" type="stmt"/>
        <line num="50" count="18" type="cond" truecount="3" falsecount="0"/>
        <line num="51" count="17" type="stmt"/>
        <line num="52" count="17" type="stmt"/>
        <line num="53" count="18" type="stmt"/>
        <line num="55" count="1" type="cond" truecount="1" falsecount="0"/>
        <line num="56" count="3" type="stmt"/>
        <line num="57" count="3" type="stmt"/>
        <line num="58" count="3" type="cond" truecount="2" falsecount="0"/>
        <line num="59" count="3" type="cond" truecount="2" falsecount="0"/>
        <line num="60" count="1" type="stmt"/>
        <line num="61" count="1" type="stmt"/>
        <line num="62" count="3" type="cond" truecount="1" falsecount="1"/>
        <line num="63" count="1" type="stmt"/>
        <line num="64" count="3" type="cond" truecount="1" falsecount="1"/>
        <line num="65" count="1" type="stmt"/>
        <line num="66" count="3" type="cond" truecount="1" falsecount="1"/>
        <line num="67" count="1" type="stmt"/>
        <line num="68" count="3" type="stmt"/>
        <line num="70" count="1" type="cond" truecount="1" falsecount="0"/>
        <line num="71" count="3" type="stmt"/>
        <line num="72" count="3" type="stmt"/>
        <line num="73" count="3" type="cond" truecount="2" falsecount="0"/>
        <line num="74" count="3" type="cond" truecount="2" falsecount="0"/>
        <line num="75" count="1" type="stmt"/>
        <line num="76" count="3" type="cond" truecount="1" falsecount="1"/>
        <line num="77" count="1" type="stmt"/>
        <line num="78" count="3" type="stmt"/>
        <line num="80" count="1" type="cond" truecount="1" falsecount="0"/>
        <line num="81" count="1" type="stmt"/>
        <line num="82" count="1" type="stmt"/>
        <line num="83" count="1" type="cond" truecount="0" falsecount="1"/>
        <line num="84" count="1" type="cond" truecount="0" falsecount="2"/>
        <line num="85" count="1" type="cond" truecount="0" falsecount="1"/>
        <line num="86" count="1" type="stmt"/>
        <line num="87" count="1" type="stmt"/>
        <line num="88" count="1" type="cond" truecount="0" falsecount="1"/>
        <line num="89" count="1" type="stmt"/>
        <line num="90" count="1" type="stmt"/>
        <line num="91" count="1" type="stmt"/>
        <line num="92" count="1" type="stmt"/>
      </file>
    </package>
    <package name="Backend.interface.http.routes">
      <metrics statements="27" coveredstatements="26" conditionals="3" coveredconditionals="3" methods="2" coveredmethods="2"/>
      <file name="cleanAuth.ts" path="C:\Users\Hello\OneDrive\Desktop\Backend\interface\http\routes\cleanAuth.ts">
        <metrics statements="12" coveredstatements="11" conditionals="2" coveredconditionals="2" methods="1" coveredmethods="1"/>
        <line num="1" count="1" type="stmt"/>
        <line num="5" count="1" type="cond" truecount="1" falsecount="0"/>
        <line num="6" count="1" type="stmt"/>
        <line num="8" count="1" type="stmt"/>
        <line num="9" count="1" type="stmt"/>
        <line num="11" count="1" type="stmt"/>
        <line num="12" count="0" type="stmt"/>
        <line num="13" count="1" type="stmt"/>
        <line num="15" count="1" type="stmt"/>
        <line num="17" count="1" type="cond" truecount="1" falsecount="0"/>
        <line num="19" count="1" type="stmt"/>
        <line num="20" count="1" type="stmt"/>
      </file>
      <file name="cleanTodos.ts" path="C:\Users\Hello\OneDrive\Desktop\Backend\interface\http\routes\cleanTodos.ts">
        <metrics statements="15" coveredstatements="15" conditionals="1" coveredconditionals="1" methods="1" coveredmethods="1"/>
        <line num="1" count="1" type="stmt"/>
        <line num="8" count="1" type="cond" truecount="1" falsecount="0"/>
        <line num="9" count="1" type="stmt"/>
        <line num="10" count="1" type="stmt"/>
        <line num="12" count="1" type="stmt"/>
        <line num="13" count="1" type="stmt"/>
        <line num="14" count="1" type="stmt"/>
        <line num="16" count="1" type="stmt"/>
        <line num="17" count="1" type="stmt"/>
        <line num="18" count="1" type="stmt"/>
        <line num="19" count="1" type="stmt"/>
        <line num="20" count="1" type="stmt"/>
        <line num="21" count="1" type="stmt"/>
        <line num="23" count="1" type="stmt"/>
        <line num="24" count="1" type="stmt"/>
      </file>
    </package>
    <package name="Backend.middleware">
      <metrics statements="20" coveredstatements="18" conditionals="12" coveredconditionals="9" methods="2" coveredmethods="2"/>
      <file name="auth.ts" path="C:\Users\Hello\OneDrive\Desktop\Backend\middleware\auth.ts">
        <metrics statements="20" coveredstatements="18" conditionals="12" coveredconditionals="9" methods="2" coveredmethods="2"/>
        <line num="1" count="1" type="stmt"/>
        <line num="11" count="1" type="cond" truecount="1" falsecount="0"/>
        <line num="12" count="33" type="cond" truecount="1" falsecount="0"/>
        <line num="13" count="33" type="cond" truecount="2" falsecount="0"/>
        <line num="14" count="33" type="cond" truecount="2" falsecount="0"/>
        <line num="16" count="32" type="stmt"/>
        <line num="17" count="33" type="cond" truecount="0" falsecount="1"/>
        <line num="18" count="33" type="stmt"/>
        <line num="19" count="33" type="stmt"/>
        <line num="20" count="33" type="cond" truecount="0" falsecount="1"/>
        <line num="21" count="0" type="stmt"/>
        <line num="22" count="0" type="stmt"/>
        <line num="23" count="33" type="stmt"/>
        <line num="25" count="1" type="cond" truecount="1" falsecount="0"/>
        <line num="26" count="1" type="cond" truecount="1" falsecount="0"/>
        <line num="27" count="2" type="cond" truecount="0" falsecount="1"/>
        <line num="28" count="2" type="cond" truecount="1" falsecount="0"/>
        <line num="29" count="1" type="stmt"/>
        <line num="30" count="2" type="stmt"/>
        <line num="31" count="1" type="stmt"/>
      </file>
    </package>
  </project>
</coverage>
