{"C:\\Users\\Hello\\OneDrive\\Desktop\\Backend\\app.ts": {"path":"C:\\Users\\Hello\\OneDrive\\Desktop\\Backend\\app.ts","all":false,"statementMap":{"0":{"start":{"line":1,"column":0},"end":{"line":1,"column":30}},"1":{"start":{"line":2,"column":0},"end":{"line":2,"column":28}},"2":{"start":{"line":3,"column":0},"end":{"line":3,"column":29}},"3":{"start":{"line":4,"column":0},"end":{"line":4,"column":28}},"4":{"start":{"line":5,"column":0},"end":{"line":5,"column":24}},"6":{"start":{"line":7,"column":0},"end":{"line":7,"column":59}},"7":{"start":{"line":8,"column":0},"end":{"line":8,"column":87}},"8":{"start":{"line":9,"column":0},"end":{"line":9,"column":87}},"9":{"start":{"line":10,"column":0},"end":{"line":10,"column":89}},"10":{"start":{"line":11,"column":0},"end":{"line":11,"column":79}},"12":{"start":{"line":13,"column":0},"end":{"line":13,"column":61}},"13":{"start":{"line":14,"column":0},"end":{"line":14,"column":95}},"14":{"start":{"line":15,"column":0},"end":{"line":15,"column":75}},"15":{"start":{"line":16,"column":0},"end":{"line":16,"column":66}},"16":{"start":{"line":17,"column":0},"end":{"line":17,"column":60}},"17":{"start":{"line":18,"column":0},"end":{"line":18,"column":64}},"19":{"start":{"line":20,"column":0},"end":{"line":20,"column":68}},"20":{"start":{"line":21,"column":0},"end":{"line":21,"column":68}},"21":{"start":{"line":22,"column":0},"end":{"line":22,"column":71}},"22":{"start":{"line":23,"column":0},"end":{"line":23,"column":70}},"24":{"start":{"line":25,"column":0},"end":{"line":25,"column":16}},"26":{"start":{"line":27,"column":0},"end":{"line":27,"column":22}},"27":{"start":{"line":28,"column":0},"end":{"line":28,"column":24}},"28":{"start":{"line":29,"column":0},"end":{"line":29,"column":18}},"29":{"start":{"line":30,"column":0},"end":{"line":30,"column":16}},"31":{"start":{"line":32,"column":0},"end":{"line":32,"column":76}},"33":{"start":{"line":34,"column":0},"end":{"line":34,"column":50}},"34":{"start":{"line":35,"column":0},"end":{"line":35,"column":50}},"35":{"start":{"line":36,"column":0},"end":{"line":36,"column":44}},"36":{"start":{"line":37,"column":0},"end":{"line":37,"column":75}},"38":{"start":{"line":39,"column":0},"end":{"line":39,"column":42}},"39":{"start":{"line":40,"column":0},"end":{"line":40,"column":38}},"40":{"start":{"line":41,"column":0},"end":{"line":41,"column":44}},"41":{"start":{"line":42,"column":0},"end":{"line":42,"column":44}},"42":{"start":{"line":43,"column":0},"end":{"line":43,"column":44}},"43":{"start":{"line":44,"column":0},"end":{"line":44,"column":56}},"45":{"start":{"line":46,"column":0},"end":{"line":46,"column":56}},"46":{"start":{"line":47,"column":0},"end":{"line":47,"column":58}},"47":{"start":{"line":48,"column":0},"end":{"line":48,"column":46}},"49":{"start":{"line":50,"column":0},"end":{"line":50,"column":116}},"50":{"start":{"line":51,"column":0},"end":{"line":51,"column":80}},"52":{"start":{"line":53,"column":0},"end":{"line":53,"column":49}},"53":{"start":{"line":54,"column":0},"end":{"line":54,"column":50}},"55":{"start":{"line":56,"column":0},"end":{"line":56,"column":98}},"56":{"start":{"line":57,"column":0},"end":{"line":57,"column":21}},"57":{"start":{"line":58,"column":0},"end":{"line":58,"column":59}},"58":{"start":{"line":59,"column":0},"end":{"line":59,"column":3}},"60":{"start":{"line":61,"column":0},"end":{"line":61,"column":19}}},"s":{"0":1,"1":1,"2":1,"3":1,"4":1,"6":1,"7":1,"8":1,"9":1,"10":1,"12":1,"13":1,"14":1,"15":1,"16":1,"17":1,"19":1,"20":1,"21":1,"22":1,"24":1,"26":1,"27":1,"28":1,"29":1,"31":1,"33":1,"34":1,"35":1,"36":1,"38":1,"39":1,"40":1,"41":1,"42":1,"43":1,"45":1,"46":1,"47":1,"49":1,"50":1,"52":1,"53":1,"55":1,"56":0,"57":0,"58":0,"60":1},"branchMap":{"0":{"type":"branch","line":37,"loc":{"start":{"line":37,"column":47},"end":{"line":37,"column":73}},"locations":[{"start":{"line":37,"column":47},"end":{"line":37,"column":73}}]}},"b":{"0":[0]},"fnMap":{},"f":{}}
,"C:\\Users\\Hello\\OneDrive\\Desktop\\Backend\\server.ts": {"path":"C:\\Users\\Hello\\OneDrive\\Desktop\\Backend\\server.ts","all":true,"statementMap":{"0":{"start":{"line":1,"column":0},"end":{"line":1,"column":27}},"2":{"start":{"line":3,"column":0},"end":{"line":3,"column":46}},"3":{"start":{"line":4,"column":0},"end":{"line":4,"column":81}}},"s":{"0":0,"2":0,"3":0},"branchMap":{"0":{"type":"branch","line":1,"loc":{"start":{"line":1,"column":0},"end":{"line":4,"column":4}},"locations":[{"start":{"line":1,"column":0},"end":{"line":4,"column":4}}]}},"b":{"0":[0]},"fnMap":{"0":{"name":"(empty-report)","decl":{"start":{"line":1,"column":0},"end":{"line":4,"column":4}},"loc":{"start":{"line":1,"column":0},"end":{"line":4,"column":4}},"line":1}},"f":{"0":0}}
,"C:\\Users\\Hello\\OneDrive\\Desktop\\Backend\\application\\auth\\LoginUser.ts": {"path":"C:\\Users\\Hello\\OneDrive\\Desktop\\Backend\\application\\auth\\LoginUser.ts","all":false,"statementMap":{"4":{"start":{"line":5,"column":0},"end":{"line":5,"column":24}},"5":{"start":{"line":6,"column":0},"end":{"line":6,"column":136}},"6":{"start":{"line":7,"column":0},"end":{"line":7,"column":61}},"7":{"start":{"line":8,"column":0},"end":{"line":8,"column":80}},"8":{"start":{"line":9,"column":0},"end":{"line":9,"column":54}},"9":{"start":{"line":10,"column":0},"end":{"line":10,"column":72}},"10":{"start":{"line":11,"column":0},"end":{"line":11,"column":52}},"11":{"start":{"line":12,"column":0},"end":{"line":12,"column":79}},"12":{"start":{"line":13,"column":0},"end":{"line":13,"column":38}},"13":{"start":{"line":14,"column":0},"end":{"line":14,"column":3}},"14":{"start":{"line":15,"column":0},"end":{"line":15,"column":1}}},"s":{"4":1,"5":1,"6":1,"7":3,"8":3,"9":3,"10":3,"11":3,"12":3,"13":3,"14":1},"branchMap":{"0":{"type":"branch","line":6,"loc":{"start":{"line":6,"column":2},"end":{"line":6,"column":136}},"locations":[{"start":{"line":6,"column":2},"end":{"line":6,"column":136}}]},"1":{"type":"branch","line":7,"loc":{"start":{"line":7,"column":2},"end":{"line":14,"column":3}},"locations":[{"start":{"line":7,"column":2},"end":{"line":14,"column":3}}]},"2":{"type":"branch","line":9,"loc":{"start":{"line":9,"column":15},"end":{"line":9,"column":54}},"locations":[{"start":{"line":9,"column":15},"end":{"line":9,"column":54}}]},"3":{"type":"branch","line":11,"loc":{"start":{"line":11,"column":13},"end":{"line":11,"column":52}},"locations":[{"start":{"line":11,"column":13},"end":{"line":11,"column":52}}]}},"b":{"0":[1],"1":[3],"2":[0],"3":[0]},"fnMap":{"0":{"name":"LoginUser","decl":{"start":{"line":6,"column":2},"end":{"line":6,"column":136}},"loc":{"start":{"line":6,"column":2},"end":{"line":6,"column":136}},"line":6},"1":{"name":"execute","decl":{"start":{"line":7,"column":2},"end":{"line":14,"column":3}},"loc":{"start":{"line":7,"column":2},"end":{"line":14,"column":3}},"line":7}},"f":{"0":1,"1":3}}
,"C:\\Users\\Hello\\OneDrive\\Desktop\\Backend\\application\\auth\\PromoteUser.ts": {"path":"C:\\Users\\Hello\\OneDrive\\Desktop\\Backend\\application\\auth\\PromoteUser.ts","all":false,"statementMap":{"2":{"start":{"line":3,"column":0},"end":{"line":3,"column":26}},"3":{"start":{"line":4,"column":0},"end":{"line":4,"column":56}},"4":{"start":{"line":5,"column":0},"end":{"line":5,"column":50}},"5":{"start":{"line":6,"column":0},"end":{"line":6,"column":77}},"6":{"start":{"line":7,"column":0},"end":{"line":7,"column":52}},"7":{"start":{"line":8,"column":0},"end":{"line":8,"column":72}},"8":{"start":{"line":9,"column":0},"end":{"line":9,"column":3}},"9":{"start":{"line":10,"column":0},"end":{"line":10,"column":1}}},"s":{"2":1,"3":1,"4":1,"5":1,"6":1,"7":1,"8":1,"9":1},"branchMap":{"0":{"type":"branch","line":4,"loc":{"start":{"line":4,"column":2},"end":{"line":4,"column":56}},"locations":[{"start":{"line":4,"column":2},"end":{"line":4,"column":56}}]},"1":{"type":"branch","line":5,"loc":{"start":{"line":5,"column":2},"end":{"line":9,"column":3}},"locations":[{"start":{"line":5,"column":2},"end":{"line":9,"column":3}}]},"2":{"type":"branch","line":7,"loc":{"start":{"line":7,"column":18},"end":{"line":7,"column":52}},"locations":[{"start":{"line":7,"column":18},"end":{"line":7,"column":52}}]}},"b":{"0":[1],"1":[1],"2":[0]},"fnMap":{"0":{"name":"PromoteUser","decl":{"start":{"line":4,"column":2},"end":{"line":4,"column":56}},"loc":{"start":{"line":4,"column":2},"end":{"line":4,"column":56}},"line":4},"1":{"name":"execute","decl":{"start":{"line":5,"column":2},"end":{"line":9,"column":3}},"loc":{"start":{"line":5,"column":2},"end":{"line":9,"column":3}},"line":5}},"f":{"0":1,"1":1}}
,"C:\\Users\\Hello\\OneDrive\\Desktop\\Backend\\application\\auth\\RegisterUser.ts": {"path":"C:\\Users\\Hello\\OneDrive\\Desktop\\Backend\\application\\auth\\RegisterUser.ts","all":false,"statementMap":{"3":{"start":{"line":4,"column":0},"end":{"line":4,"column":27}},"4":{"start":{"line":5,"column":0},"end":{"line":5,"column":97}},"5":{"start":{"line":6,"column":0},"end":{"line":6,"column":61}},"6":{"start":{"line":7,"column":0},"end":{"line":7,"column":51}},"7":{"start":{"line":8,"column":0},"end":{"line":8,"column":55}},"8":{"start":{"line":9,"column":0},"end":{"line":9,"column":60}},"9":{"start":{"line":10,"column":0},"end":{"line":10,"column":58}},"10":{"start":{"line":11,"column":0},"end":{"line":11,"column":70}},"11":{"start":{"line":12,"column":0},"end":{"line":12,"column":63}},"12":{"start":{"line":13,"column":0},"end":{"line":13,"column":3}},"13":{"start":{"line":14,"column":0},"end":{"line":14,"column":1}}},"s":{"3":1,"4":1,"5":1,"6":3,"7":3,"8":3,"9":3,"10":3,"11":3,"12":3,"13":1},"branchMap":{"0":{"type":"branch","line":5,"loc":{"start":{"line":5,"column":2},"end":{"line":5,"column":97}},"locations":[{"start":{"line":5,"column":2},"end":{"line":5,"column":97}}]},"1":{"type":"branch","line":6,"loc":{"start":{"line":6,"column":2},"end":{"line":13,"column":3}},"locations":[{"start":{"line":6,"column":2},"end":{"line":13,"column":3}}]},"2":{"type":"branch","line":9,"loc":{"start":{"line":9,"column":16},"end":{"line":9,"column":60}},"locations":[{"start":{"line":9,"column":16},"end":{"line":9,"column":60}}]}},"b":{"0":[1],"1":[3],"2":[0]},"fnMap":{"0":{"name":"RegisterUser","decl":{"start":{"line":5,"column":2},"end":{"line":5,"column":97}},"loc":{"start":{"line":5,"column":2},"end":{"line":5,"column":97}},"line":5},"1":{"name":"execute","decl":{"start":{"line":6,"column":2},"end":{"line":13,"column":3}},"loc":{"start":{"line":6,"column":2},"end":{"line":13,"column":3}},"line":6}},"f":{"0":1,"1":3}}
,"C:\\Users\\Hello\\OneDrive\\Desktop\\Backend\\application\\tasks\\CrudTasks.ts": {"path":"C:\\Users\\Hello\\OneDrive\\Desktop\\Backend\\application\\tasks\\CrudTasks.ts","all":false,"statementMap":{"0":{"start":{"line":1,"column":0},"end":{"line":1,"column":36}},"4":{"start":{"line":5,"column":0},"end":{"line":5,"column":133}},"6":{"start":{"line":7,"column":0},"end":{"line":7,"column":25}},"7":{"start":{"line":8,"column":0},"end":{"line":8,"column":55}},"8":{"start":{"line":9,"column":0},"end":{"line":9,"column":103}},"9":{"start":{"line":10,"column":0},"end":{"line":10,"column":175}},"10":{"start":{"line":11,"column":0},"end":{"line":11,"column":34}},"11":{"start":{"line":12,"column":0},"end":{"line":12,"column":3}},"12":{"start":{"line":13,"column":0},"end":{"line":13,"column":1}},"14":{"start":{"line":15,"column":0},"end":{"line":15,"column":166}},"16":{"start":{"line":17,"column":0},"end":{"line":17,"column":134}}},"s":{"0":1,"4":1,"6":1,"7":1,"8":1,"9":18,"10":18,"11":18,"12":1,"14":1,"16":1},"branchMap":{"0":{"type":"branch","line":5,"loc":{"start":{"line":5,"column":23},"end":{"line":5,"column":77}},"locations":[{"start":{"line":5,"column":23},"end":{"line":5,"column":77}}]},"1":{"type":"branch","line":5,"loc":{"start":{"line":5,"column":77},"end":{"line":5,"column":132}},"locations":[{"start":{"line":5,"column":77},"end":{"line":5,"column":132}}]},"2":{"type":"branch","line":8,"loc":{"start":{"line":8,"column":2},"end":{"line":8,"column":55}},"locations":[{"start":{"line":8,"column":2},"end":{"line":8,"column":55}}]},"3":{"type":"branch","line":9,"loc":{"start":{"line":9,"column":2},"end":{"line":12,"column":3}},"locations":[{"start":{"line":9,"column":2},"end":{"line":12,"column":3}}]},"4":{"type":"branch","line":10,"loc":{"start":{"line":10,"column":148},"end":{"line":10,"column":173}},"locations":[{"start":{"line":10,"column":148},"end":{"line":10,"column":173}}]},"5":{"type":"branch","line":15,"loc":{"start":{"line":15,"column":26},"end":{"line":15,"column":80}},"locations":[{"start":{"line":15,"column":26},"end":{"line":15,"column":80}}]},"6":{"type":"branch","line":15,"loc":{"start":{"line":15,"column":80},"end":{"line":15,"column":165}},"locations":[{"start":{"line":15,"column":80},"end":{"line":15,"column":165}}]},"7":{"type":"branch","line":17,"loc":{"start":{"line":17,"column":26},"end":{"line":17,"column":80}},"locations":[{"start":{"line":17,"column":26},"end":{"line":17,"column":80}}]},"8":{"type":"branch","line":17,"loc":{"start":{"line":17,"column":80},"end":{"line":17,"column":133}},"locations":[{"start":{"line":17,"column":80},"end":{"line":17,"column":133}}]}},"b":{"0":[2],"1":[10],"2":[2],"3":[18],"4":[1],"5":[2],"6":[2],"7":[2],"8":[2]},"fnMap":{"0":{"name":"GetTask","decl":{"start":{"line":5,"column":23},"end":{"line":5,"column":77}},"loc":{"start":{"line":5,"column":23},"end":{"line":5,"column":77}},"line":5},"1":{"name":"execute","decl":{"start":{"line":5,"column":77},"end":{"line":5,"column":132}},"loc":{"start":{"line":5,"column":77},"end":{"line":5,"column":132}},"line":5},"2":{"name":"CreateTask","decl":{"start":{"line":8,"column":2},"end":{"line":8,"column":55}},"loc":{"start":{"line":8,"column":2},"end":{"line":8,"column":55}},"line":8},"3":{"name":"execute","decl":{"start":{"line":9,"column":2},"end":{"line":12,"column":3}},"loc":{"start":{"line":9,"column":2},"end":{"line":12,"column":3}},"line":9},"4":{"name":"UpdateTask","decl":{"start":{"line":15,"column":26},"end":{"line":15,"column":80}},"loc":{"start":{"line":15,"column":26},"end":{"line":15,"column":80}},"line":15},"5":{"name":"execute","decl":{"start":{"line":15,"column":80},"end":{"line":15,"column":165}},"loc":{"start":{"line":15,"column":80},"end":{"line":15,"column":165}},"line":15},"6":{"name":"DeleteTask","decl":{"start":{"line":17,"column":26},"end":{"line":17,"column":80}},"loc":{"start":{"line":17,"column":26},"end":{"line":17,"column":80}},"line":17},"7":{"name":"execute","decl":{"start":{"line":17,"column":80},"end":{"line":17,"column":133}},"loc":{"start":{"line":17,"column":80},"end":{"line":17,"column":133}},"line":17}},"f":{"0":2,"1":10,"2":2,"3":18,"4":2,"5":2,"6":2,"7":2}}
,"C:\\Users\\Hello\\OneDrive\\Desktop\\Backend\\application\\tasks\\ListTasks.ts": {"path":"C:\\Users\\Hello\\OneDrive\\Desktop\\Backend\\application\\tasks\\ListTasks.ts","all":false,"statementMap":{"9":{"start":{"line":10,"column":0},"end":{"line":10,"column":24}},"10":{"start":{"line":11,"column":0},"end":{"line":11,"column":55}},"11":{"start":{"line":12,"column":0},"end":{"line":12,"column":154}},"12":{"start":{"line":13,"column":0},"end":{"line":13,"column":75}},"13":{"start":{"line":14,"column":0},"end":{"line":14,"column":94}},"14":{"start":{"line":15,"column":0},"end":{"line":15,"column":36}},"15":{"start":{"line":16,"column":0},"end":{"line":16,"column":63}},"16":{"start":{"line":17,"column":0},"end":{"line":17,"column":61}},"17":{"start":{"line":18,"column":0},"end":{"line":18,"column":45}},"18":{"start":{"line":19,"column":0},"end":{"line":19,"column":85}},"19":{"start":{"line":20,"column":0},"end":{"line":20,"column":36}},"20":{"start":{"line":21,"column":0},"end":{"line":21,"column":7}},"21":{"start":{"line":22,"column":0},"end":{"line":22,"column":168}},"22":{"start":{"line":23,"column":0},"end":{"line":23,"column":3}},"23":{"start":{"line":24,"column":0},"end":{"line":24,"column":1}}},"s":{"9":1,"10":1,"11":1,"12":3,"13":3,"14":3,"15":3,"16":3,"17":3,"18":3,"19":3,"20":3,"21":3,"22":3,"23":1},"branchMap":{"0":{"type":"branch","line":11,"loc":{"start":{"line":11,"column":2},"end":{"line":11,"column":55}},"locations":[{"start":{"line":11,"column":2},"end":{"line":11,"column":55}}]},"1":{"type":"branch","line":12,"loc":{"start":{"line":12,"column":2},"end":{"line":23,"column":3}},"locations":[{"start":{"line":12,"column":2},"end":{"line":23,"column":3}}]},"2":{"type":"branch","line":13,"loc":{"start":{"line":13,"column":48},"end":{"line":13,"column":59}},"locations":[{"start":{"line":13,"column":48},"end":{"line":13,"column":59}}]},"3":{"type":"branch","line":13,"loc":{"start":{"line":13,"column":64},"end":{"line":13,"column":72}},"locations":[{"start":{"line":13,"column":64},"end":{"line":13,"column":72}}]},"4":{"type":"branch","line":14,"loc":{"start":{"line":14,"column":58},"end":{"line":14,"column":71}},"locations":[{"start":{"line":14,"column":58},"end":{"line":14,"column":71}}]},"5":{"type":"branch","line":14,"loc":{"start":{"line":14,"column":76},"end":{"line":14,"column":85}},"locations":[{"start":{"line":14,"column":76},"end":{"line":14,"column":85}}]},"6":{"type":"branch","line":16,"loc":{"start":{"line":16,"column":26},"end":{"line":16,"column":63}},"locations":[{"start":{"line":16,"column":26},"end":{"line":16,"column":63}}]},"7":{"type":"branch","line":17,"loc":{"start":{"line":17,"column":27},"end":{"line":17,"column":61}},"locations":[{"start":{"line":17,"column":27},"end":{"line":17,"column":61}}]}},"b":{"0":[1],"1":[3],"2":[0],"3":[0],"4":[0],"5":[0],"6":[0],"7":[0]},"fnMap":{"0":{"name":"ListTasks","decl":{"start":{"line":11,"column":2},"end":{"line":11,"column":55}},"loc":{"start":{"line":11,"column":2},"end":{"line":11,"column":55}},"line":11},"1":{"name":"execute","decl":{"start":{"line":12,"column":2},"end":{"line":23,"column":3}},"loc":{"start":{"line":12,"column":2},"end":{"line":23,"column":3}},"line":12}},"f":{"0":1,"1":3}}
,"C:\\Users\\Hello\\OneDrive\\Desktop\\Backend\\application\\tasks\\UploadAttachment.ts": {"path":"C:\\Users\\Hello\\OneDrive\\Desktop\\Backend\\application\\tasks\\UploadAttachment.ts","all":false,"statementMap":{"3":{"start":{"line":4,"column":0},"end":{"line":4,"column":31}},"4":{"start":{"line":5,"column":0},"end":{"line":5,"column":55}},"6":{"start":{"line":7,"column":0},"end":{"line":7,"column":88}},"7":{"start":{"line":8,"column":0},"end":{"line":8,"column":86}},"8":{"start":{"line":9,"column":0},"end":{"line":9,"column":3}},"9":{"start":{"line":10,"column":0},"end":{"line":10,"column":1}}},"s":{"3":1,"4":1,"6":1,"7":1,"8":1,"9":1},"branchMap":{"0":{"type":"branch","line":5,"loc":{"start":{"line":5,"column":2},"end":{"line":5,"column":55}},"locations":[{"start":{"line":5,"column":2},"end":{"line":5,"column":55}}]},"1":{"type":"branch","line":7,"loc":{"start":{"line":7,"column":2},"end":{"line":9,"column":3}},"locations":[{"start":{"line":7,"column":2},"end":{"line":9,"column":3}}]}},"b":{"0":[1],"1":[1]},"fnMap":{"0":{"name":"UploadAttachment","decl":{"start":{"line":5,"column":2},"end":{"line":5,"column":55}},"loc":{"start":{"line":5,"column":2},"end":{"line":5,"column":55}},"line":5},"1":{"name":"execute","decl":{"start":{"line":7,"column":2},"end":{"line":9,"column":3}},"loc":{"start":{"line":7,"column":2},"end":{"line":9,"column":3}},"line":7}},"f":{"0":1,"1":1}}
,"C:\\Users\\Hello\\OneDrive\\Desktop\\Backend\\domain\\repositories\\TaskRepository.ts": {"path":"C:\\Users\\Hello\\OneDrive\\Desktop\\Backend\\domain\\repositories\\TaskRepository.ts","all":true,"statementMap":{},"s":{},"branchMap":{"0":{"type":"branch","line":1,"loc":{"start":{"line":1,"column":498},"end":{"line":10,"column":1}},"locations":[{"start":{"line":1,"column":498},"end":{"line":10,"column":1}}]}},"b":{"0":[1]},"fnMap":{"0":{"name":"(empty-report)","decl":{"start":{"line":1,"column":498},"end":{"line":10,"column":1}},"loc":{"start":{"line":1,"column":498},"end":{"line":10,"column":1}},"line":1}},"f":{"0":1}}
,"C:\\Users\\Hello\\OneDrive\\Desktop\\Backend\\domain\\repositories\\UserRepository.ts": {"path":"C:\\Users\\Hello\\OneDrive\\Desktop\\Backend\\domain\\repositories\\UserRepository.ts","all":true,"statementMap":{},"s":{},"branchMap":{"0":{"type":"branch","line":1,"loc":{"start":{"line":1,"column":329},"end":{"line":8,"column":1}},"locations":[{"start":{"line":1,"column":329},"end":{"line":8,"column":1}}]}},"b":{"0":[1]},"fnMap":{"0":{"name":"(empty-report)","decl":{"start":{"line":1,"column":329},"end":{"line":8,"column":1}},"loc":{"start":{"line":1,"column":329},"end":{"line":8,"column":1}},"line":1}},"f":{"0":1}}
,"C:\\Users\\Hello\\OneDrive\\Desktop\\Backend\\domain\\services\\PasswordHasher.ts": {"path":"C:\\Users\\Hello\\OneDrive\\Desktop\\Backend\\domain\\services\\PasswordHasher.ts","all":true,"statementMap":{},"s":{},"branchMap":{"0":{"type":"branch","line":1,"loc":{"start":{"line":1,"column":136},"end":{"line":4,"column":1}},"locations":[{"start":{"line":1,"column":136},"end":{"line":4,"column":1}}]}},"b":{"0":[1]},"fnMap":{"0":{"name":"(empty-report)","decl":{"start":{"line":1,"column":136},"end":{"line":4,"column":1}},"loc":{"start":{"line":1,"column":136},"end":{"line":4,"column":1}},"line":1}},"f":{"0":1}}
,"C:\\Users\\Hello\\OneDrive\\Desktop\\Backend\\domain\\services\\TokenService.ts": {"path":"C:\\Users\\Hello\\OneDrive\\Desktop\\Backend\\domain\\services\\TokenService.ts","all":true,"statementMap":{},"s":{},"branchMap":{"0":{"type":"branch","line":1,"loc":{"start":{"line":1,"column":114},"end":{"line":3,"column":1}},"locations":[{"start":{"line":1,"column":114},"end":{"line":3,"column":1}}]}},"b":{"0":[1]},"fnMap":{"0":{"name":"(empty-report)","decl":{"start":{"line":1,"column":114},"end":{"line":3,"column":1}},"loc":{"start":{"line":1,"column":114},"end":{"line":3,"column":1}},"line":1}},"f":{"0":1}}
,"C:\\Users\\Hello\\OneDrive\\Desktop\\Backend\\domain\\types\\task.ts": {"path":"C:\\Users\\Hello\\OneDrive\\Desktop\\Backend\\domain\\types\\task.ts","all":true,"statementMap":{},"s":{},"branchMap":{"0":{"type":"branch","line":1,"loc":{"start":{"line":1,"column":475},"end":{"line":22,"column":2}},"locations":[{"start":{"line":1,"column":475},"end":{"line":22,"column":2}}]}},"b":{"0":[1]},"fnMap":{"0":{"name":"(empty-report)","decl":{"start":{"line":1,"column":475},"end":{"line":22,"column":2}},"loc":{"start":{"line":1,"column":475},"end":{"line":22,"column":2}},"line":1}},"f":{"0":1}}
,"C:\\Users\\Hello\\OneDrive\\Desktop\\Backend\\domain\\types\\user.ts": {"path":"C:\\Users\\Hello\\OneDrive\\Desktop\\Backend\\domain\\types\\user.ts","all":true,"statementMap":{},"s":{},"branchMap":{"0":{"type":"branch","line":1,"loc":{"start":{"line":1,"column":154},"end":{"line":9,"column":2}},"locations":[{"start":{"line":1,"column":154},"end":{"line":9,"column":2}}]}},"b":{"0":[1]},"fnMap":{"0":{"name":"(empty-report)","decl":{"start":{"line":1,"column":154},"end":{"line":9,"column":2}},"loc":{"start":{"line":1,"column":154},"end":{"line":9,"column":2}},"line":1}},"f":{"0":1}}
,"C:\\Users\\Hello\\OneDrive\\Desktop\\Backend\\infrastructure\\prisma\\PrismaTaskRepository.ts": {"path":"C:\\Users\\Hello\\OneDrive\\Desktop\\Backend\\infrastructure\\prisma\\PrismaTaskRepository.ts","all":false,"statementMap":{"4":{"start":{"line":5,"column":0},"end":{"line":5,"column":61}},"5":{"start":{"line":6,"column":0},"end":{"line":6,"column":55}},"7":{"start":{"line":8,"column":0},"end":{"line":8,"column":68}},"8":{"start":{"line":9,"column":0},"end":{"line":9,"column":127}},"9":{"start":{"line":10,"column":0},"end":{"line":10,"column":64}},"10":{"start":{"line":11,"column":0},"end":{"line":11,"column":59}},"11":{"start":{"line":12,"column":0},"end":{"line":12,"column":3}},"13":{"start":{"line":14,"column":0},"end":{"line":14,"column":46}},"14":{"start":{"line":15,"column":0},"end":{"line":15,"column":82}},"15":{"start":{"line":16,"column":0},"end":{"line":16,"column":42}},"16":{"start":{"line":17,"column":0},"end":{"line":17,"column":53}},"17":{"start":{"line":18,"column":0},"end":{"line":18,"column":35}},"18":{"start":{"line":19,"column":0},"end":{"line":19,"column":61}},"19":{"start":{"line":20,"column":0},"end":{"line":20,"column":66}},"20":{"start":{"line":21,"column":0},"end":{"line":21,"column":6}},"21":{"start":{"line":22,"column":0},"end":{"line":22,"column":68}},"22":{"start":{"line":23,"column":0},"end":{"line":23,"column":47}},"23":{"start":{"line":24,"column":0},"end":{"line":24,"column":87}},"24":{"start":{"line":25,"column":0},"end":{"line":25,"column":83}},"25":{"start":{"line":26,"column":0},"end":{"line":26,"column":67}},"26":{"start":{"line":27,"column":0},"end":{"line":27,"column":69}},"27":{"start":{"line":28,"column":0},"end":{"line":28,"column":61}},"28":{"start":{"line":29,"column":0},"end":{"line":29,"column":57}},"29":{"start":{"line":30,"column":0},"end":{"line":30,"column":3}},"31":{"start":{"line":32,"column":0},"end":{"line":32,"column":131}},"32":{"start":{"line":33,"column":0},"end":{"line":33,"column":58}},"33":{"start":{"line":34,"column":0},"end":{"line":34,"column":38}},"34":{"start":{"line":35,"column":0},"end":{"line":35,"column":40}},"35":{"start":{"line":36,"column":0},"end":{"line":36,"column":50}},"36":{"start":{"line":37,"column":0},"end":{"line":37,"column":16}},"37":{"start":{"line":38,"column":0},"end":{"line":38,"column":37}},"38":{"start":{"line":39,"column":0},"end":{"line":39,"column":3}},"40":{"start":{"line":41,"column":0},"end":{"line":41,"column":31}},"41":{"start":{"line":42,"column":0},"end":{"line":42,"column":73}},"42":{"start":{"line":43,"column":0},"end":{"line":43,"column":3}},"44":{"start":{"line":45,"column":0},"end":{"line":45,"column":24}},"45":{"start":{"line":46,"column":0},"end":{"line":46,"column":93}},"46":{"start":{"line":47,"column":0},"end":{"line":47,"column":3}},"48":{"start":{"line":49,"column":0},"end":{"line":49,"column":22}},"49":{"start":{"line":50,"column":0},"end":{"line":50,"column":79}},"50":{"start":{"line":51,"column":0},"end":{"line":51,"column":3}},"52":{"start":{"line":53,"column":0},"end":{"line":53,"column":56}},"53":{"start":{"line":54,"column":0},"end":{"line":54,"column":35}},"54":{"start":{"line":55,"column":0},"end":{"line":55,"column":25}},"55":{"start":{"line":56,"column":0},"end":{"line":56,"column":58}},"56":{"start":{"line":57,"column":0},"end":{"line":57,"column":70}},"57":{"start":{"line":58,"column":0},"end":{"line":58,"column":76}},"58":{"start":{"line":59,"column":0},"end":{"line":59,"column":85}},"59":{"start":{"line":60,"column":0},"end":{"line":60,"column":52}},"60":{"start":{"line":61,"column":0},"end":{"line":61,"column":95}},"61":{"start":{"line":62,"column":0},"end":{"line":62,"column":26}},"62":{"start":{"line":63,"column":0},"end":{"line":63,"column":3}},"64":{"start":{"line":65,"column":0},"end":{"line":65,"column":28}},"65":{"start":{"line":66,"column":0},"end":{"line":66,"column":74}},"66":{"start":{"line":67,"column":0},"end":{"line":67,"column":27}},"67":{"start":{"line":68,"column":0},"end":{"line":68,"column":3}},"68":{"start":{"line":69,"column":0},"end":{"line":69,"column":1}}},"s":{"4":1,"5":1,"7":1,"8":3,"9":3,"10":3,"11":3,"13":1,"14":6,"15":6,"16":6,"17":6,"18":0,"19":0,"20":0,"21":6,"22":6,"23":6,"24":6,"25":6,"26":6,"27":6,"28":6,"29":6,"31":1,"32":3,"33":3,"34":3,"35":3,"36":3,"37":3,"38":3,"40":1,"41":3,"42":3,"44":1,"45":9,"46":9,"48":1,"49":17,"50":17,"52":1,"53":2,"54":2,"55":2,"56":2,"57":2,"58":2,"59":2,"60":2,"61":0,"62":2,"64":1,"65":1,"66":0,"67":1,"68":1},"branchMap":{"0":{"type":"branch","line":6,"loc":{"start":{"line":6,"column":2},"end":{"line":6,"column":55}},"locations":[{"start":{"line":6,"column":2},"end":{"line":6,"column":55}}]},"1":{"type":"branch","line":8,"loc":{"start":{"line":8,"column":10},"end":{"line":12,"column":3}},"locations":[{"start":{"line":8,"column":10},"end":{"line":12,"column":3}}]},"2":{"type":"branch","line":9,"loc":{"start":{"line":9,"column":91},"end":{"line":9,"column":127}},"locations":[{"start":{"line":9,"column":91},"end":{"line":9,"column":127}}]},"3":{"type":"branch","line":10,"loc":{"start":{"line":10,"column":41},"end":{"line":10,"column":57}},"locations":[{"start":{"line":10,"column":41},"end":{"line":10,"column":57}}]},"4":{"type":"branch","line":14,"loc":{"start":{"line":14,"column":10},"end":{"line":30,"column":3}},"locations":[{"start":{"line":14,"column":10},"end":{"line":30,"column":3}}]},"5":{"type":"branch","line":17,"loc":{"start":{"line":17,"column":9},"end":{"line":17,"column":31}},"locations":[{"start":{"line":17,"column":9},"end":{"line":17,"column":31}}]},"6":{"type":"branch","line":17,"loc":{"start":{"line":17,"column":31},"end":{"line":17,"column":53}},"locations":[{"start":{"line":17,"column":31},"end":{"line":17,"column":53}}]},"7":{"type":"branch","line":18,"loc":{"start":{"line":18,"column":8},"end":{"line":18,"column":23}},"locations":[{"start":{"line":18,"column":8},"end":{"line":18,"column":23}}]},"8":{"type":"branch","line":18,"loc":{"start":{"line":18,"column":23},"end":{"line":21,"column":6}},"locations":[{"start":{"line":18,"column":23},"end":{"line":21,"column":6}}]},"9":{"type":"branch","line":22,"loc":{"start":{"line":22,"column":40},"end":{"line":22,"column":68}},"locations":[{"start":{"line":22,"column":40},"end":{"line":22,"column":68}}]},"10":{"type":"branch","line":24,"loc":{"start":{"line":24,"column":14},"end":{"line":24,"column":87}},"locations":[{"start":{"line":24,"column":14},"end":{"line":24,"column":87}}]},"11":{"type":"branch","line":25,"loc":{"start":{"line":25,"column":12},"end":{"line":25,"column":83}},"locations":[{"start":{"line":25,"column":12},"end":{"line":25,"column":83}}]},"12":{"type":"branch","line":26,"loc":{"start":{"line":26,"column":39},"end":{"line":26,"column":67}},"locations":[{"start":{"line":26,"column":39},"end":{"line":26,"column":67}}]},"13":{"type":"branch","line":27,"loc":{"start":{"line":27,"column":32},"end":{"line":27,"column":69}},"locations":[{"start":{"line":27,"column":32},"end":{"line":27,"column":69}}]},"14":{"type":"branch","line":28,"loc":{"start":{"line":28,"column":33},"end":{"line":28,"column":61}},"locations":[{"start":{"line":28,"column":33},"end":{"line":28,"column":61}}]},"15":{"type":"branch","line":29,"loc":{"start":{"line":29,"column":30},"end":{"line":29,"column":47}},"locations":[{"start":{"line":29,"column":30},"end":{"line":29,"column":47}}]},"16":{"type":"branch","line":29,"loc":{"start":{"line":29,"column":39},"end":{"line":29,"column":57}},"locations":[{"start":{"line":29,"column":39},"end":{"line":29,"column":57}}]},"17":{"type":"branch","line":32,"loc":{"start":{"line":32,"column":2},"end":{"line":39,"column":3}},"locations":[{"start":{"line":32,"column":2},"end":{"line":39,"column":3}}]},"18":{"type":"branch","line":41,"loc":{"start":{"line":41,"column":2},"end":{"line":43,"column":3}},"locations":[{"start":{"line":41,"column":2},"end":{"line":43,"column":3}}]},"19":{"type":"branch","line":45,"loc":{"start":{"line":45,"column":2},"end":{"line":47,"column":3}},"locations":[{"start":{"line":45,"column":2},"end":{"line":47,"column":3}}]},"20":{"type":"branch","line":49,"loc":{"start":{"line":49,"column":2},"end":{"line":51,"column":3}},"locations":[{"start":{"line":49,"column":2},"end":{"line":51,"column":3}}]},"21":{"type":"branch","line":53,"loc":{"start":{"line":53,"column":2},"end":{"line":63,"column":3}},"locations":[{"start":{"line":53,"column":2},"end":{"line":63,"column":3}}]},"22":{"type":"branch","line":56,"loc":{"start":{"line":56,"column":34},"end":{"line":56,"column":58}},"locations":[{"start":{"line":56,"column":34},"end":{"line":56,"column":58}}]},"23":{"type":"branch","line":57,"loc":{"start":{"line":57,"column":38},"end":{"line":57,"column":70}},"locations":[{"start":{"line":57,"column":38},"end":{"line":57,"column":70}}]},"24":{"type":"branch","line":58,"loc":{"start":{"line":58,"column":40},"end":{"line":58,"column":76}},"locations":[{"start":{"line":58,"column":40},"end":{"line":58,"column":76}}]},"25":{"type":"branch","line":59,"loc":{"start":{"line":59,"column":43},"end":{"line":59,"column":85}},"locations":[{"start":{"line":59,"column":43},"end":{"line":59,"column":85}}]},"26":{"type":"branch","line":60,"loc":{"start":{"line":60,"column":40},"end":{"line":60,"column":52}},"locations":[{"start":{"line":60,"column":40},"end":{"line":60,"column":52}}]},"27":{"type":"branch","line":61,"loc":{"start":{"line":61,"column":94},"end":{"line":62,"column":26}},"locations":[{"start":{"line":61,"column":94},"end":{"line":62,"column":26}}]},"28":{"type":"branch","line":65,"loc":{"start":{"line":65,"column":2},"end":{"line":68,"column":3}},"locations":[{"start":{"line":65,"column":2},"end":{"line":68,"column":3}}]},"29":{"type":"branch","line":66,"loc":{"start":{"line":66,"column":73},"end":{"line":67,"column":27}},"locations":[{"start":{"line":66,"column":73},"end":{"line":67,"column":27}}]}},"b":{"0":[1],"1":[3],"2":[0],"3":[0],"4":[6],"5":[4],"6":[4],"7":[0],"8":[0],"9":[0],"10":[0],"11":[0],"12":[0],"13":[0],"14":[0],"15":[4],"16":[2],"17":[3],"18":[3],"19":[9],"20":[17],"21":[2],"22":[0],"23":[1],"24":[0],"25":[1],"26":[0],"27":[0],"28":[1],"29":[0]},"fnMap":{"0":{"name":"PrismaTaskRepository","decl":{"start":{"line":6,"column":2},"end":{"line":6,"column":55}},"loc":{"start":{"line":6,"column":2},"end":{"line":6,"column":55}},"line":6},"1":{"name":"resolveOrder","decl":{"start":{"line":8,"column":10},"end":{"line":12,"column":3}},"loc":{"start":{"line":8,"column":10},"end":{"line":12,"column":3}},"line":8},"2":{"name":"resolveWhere","decl":{"start":{"line":14,"column":10},"end":{"line":30,"column":3}},"loc":{"start":{"line":14,"column":10},"end":{"line":30,"column":3}},"line":14},"3":{"name":"list","decl":{"start":{"line":32,"column":2},"end":{"line":39,"column":3}},"loc":{"start":{"line":32,"column":2},"end":{"line":39,"column":3}},"line":32},"4":{"name":"count","decl":{"start":{"line":41,"column":2},"end":{"line":43,"column":3}},"loc":{"start":{"line":41,"column":2},"end":{"line":43,"column":3}},"line":41},"5":{"name":"findById","decl":{"start":{"line":45,"column":2},"end":{"line":47,"column":3}},"loc":{"start":{"line":45,"column":2},"end":{"line":47,"column":3}},"line":45},"6":{"name":"create","decl":{"start":{"line":49,"column":2},"end":{"line":51,"column":3}},"loc":{"start":{"line":49,"column":2},"end":{"line":51,"column":3}},"line":49},"7":{"name":"update","decl":{"start":{"line":53,"column":2},"end":{"line":63,"column":3}},"loc":{"start":{"line":53,"column":2},"end":{"line":63,"column":3}},"line":53},"8":{"name":"delete","decl":{"start":{"line":65,"column":2},"end":{"line":68,"column":3}},"loc":{"start":{"line":65,"column":2},"end":{"line":68,"column":3}},"line":65}},"f":{"0":1,"1":3,"2":6,"3":3,"4":3,"5":9,"6":17,"7":2,"8":1}}
,"C:\\Users\\Hello\\OneDrive\\Desktop\\Backend\\infrastructure\\prisma\\PrismaUserRepository.ts": {"path":"C:\\Users\\Hello\\OneDrive\\Desktop\\Backend\\infrastructure\\prisma\\PrismaUserRepository.ts","all":false,"statementMap":{"4":{"start":{"line":5,"column":0},"end":{"line":5,"column":61}},"5":{"start":{"line":6,"column":0},"end":{"line":6,"column":55}},"6":{"start":{"line":7,"column":0},"end":{"line":7,"column":30}},"7":{"start":{"line":8,"column":0},"end":{"line":8,"column":96}},"8":{"start":{"line":9,"column":0},"end":{"line":9,"column":3}},"9":{"start":{"line":10,"column":0},"end":{"line":10,"column":24}},"10":{"start":{"line":11,"column":0},"end":{"line":11,"column":93}},"11":{"start":{"line":12,"column":0},"end":{"line":12,"column":3}},"12":{"start":{"line":13,"column":0},"end":{"line":13,"column":66}},"13":{"start":{"line":14,"column":0},"end":{"line":14,"column":36}},"14":{"start":{"line":15,"column":0},"end":{"line":15,"column":85}},"15":{"start":{"line":16,"column":0},"end":{"line":16,"column":35}},"16":{"start":{"line":17,"column":0},"end":{"line":17,"column":3}},"17":{"start":{"line":18,"column":0},"end":{"line":18,"column":44}},"18":{"start":{"line":19,"column":0},"end":{"line":19,"column":9}},"19":{"start":{"line":20,"column":0},"end":{"line":20,"column":99}},"20":{"start":{"line":21,"column":0},"end":{"line":21,"column":13}},"21":{"start":{"line":22,"column":0},"end":{"line":22,"column":18}},"22":{"start":{"line":23,"column":0},"end":{"line":23,"column":5}},"23":{"start":{"line":24,"column":0},"end":{"line":24,"column":3}},"24":{"start":{"line":25,"column":0},"end":{"line":25,"column":1}}},"s":{"4":1,"5":1,"6":1,"7":6,"8":6,"9":1,"10":0,"11":0,"12":1,"13":3,"14":3,"15":3,"16":3,"17":1,"18":1,"19":1,"20":1,"21":0,"22":0,"23":1,"24":1},"branchMap":{"0":{"type":"branch","line":6,"loc":{"start":{"line":6,"column":2},"end":{"line":6,"column":55}},"locations":[{"start":{"line":6,"column":2},"end":{"line":6,"column":55}}]},"1":{"type":"branch","line":7,"loc":{"start":{"line":7,"column":2},"end":{"line":9,"column":3}},"locations":[{"start":{"line":7,"column":2},"end":{"line":9,"column":3}}]},"2":{"type":"branch","line":13,"loc":{"start":{"line":13,"column":2},"end":{"line":17,"column":3}},"locations":[{"start":{"line":13,"column":2},"end":{"line":17,"column":3}}]},"3":{"type":"branch","line":18,"loc":{"start":{"line":18,"column":2},"end":{"line":24,"column":3}},"locations":[{"start":{"line":18,"column":2},"end":{"line":24,"column":3}}]},"4":{"type":"branch","line":21,"loc":{"start":{"line":21,"column":4},"end":{"line":23,"column":5}},"locations":[{"start":{"line":21,"column":4},"end":{"line":23,"column":5}}]}},"b":{"0":[1],"1":[6],"2":[3],"3":[1],"4":[0]},"fnMap":{"0":{"name":"PrismaUserRepository","decl":{"start":{"line":6,"column":2},"end":{"line":6,"column":55}},"loc":{"start":{"line":6,"column":2},"end":{"line":6,"column":55}},"line":6},"1":{"name":"findByEmail","decl":{"start":{"line":7,"column":2},"end":{"line":9,"column":3}},"loc":{"start":{"line":7,"column":2},"end":{"line":9,"column":3}},"line":7},"2":{"name":"findById","decl":{"start":{"line":10,"column":2},"end":{"line":12,"column":3}},"loc":{"start":{"line":10,"column":2},"end":{"line":12,"column":3}},"line":10},"3":{"name":"create","decl":{"start":{"line":13,"column":2},"end":{"line":17,"column":3}},"loc":{"start":{"line":13,"column":2},"end":{"line":17,"column":3}},"line":13},"4":{"name":"updateRole","decl":{"start":{"line":18,"column":2},"end":{"line":24,"column":3}},"loc":{"start":{"line":18,"column":2},"end":{"line":24,"column":3}},"line":18}},"f":{"0":1,"1":6,"2":0,"3":3,"4":1}}
,"C:\\Users\\Hello\\OneDrive\\Desktop\\Backend\\infrastructure\\prisma\\client.ts": {"path":"C:\\Users\\Hello\\OneDrive\\Desktop\\Backend\\infrastructure\\prisma\\client.ts","all":false,"statementMap":{"0":{"start":{"line":1,"column":0},"end":{"line":1,"column":46}},"2":{"start":{"line":3,"column":0},"end":{"line":3,"column":41}}},"s":{"0":1,"2":1},"branchMap":{},"b":{},"fnMap":{},"f":{}}
,"C:\\Users\\Hello\\OneDrive\\Desktop\\Backend\\infrastructure\\security\\BcryptPasswordHasher.ts": {"path":"C:\\Users\\Hello\\OneDrive\\Desktop\\Backend\\infrastructure\\security\\BcryptPasswordHasher.ts","all":false,"statementMap":{"0":{"start":{"line":1,"column":0},"end":{"line":1,"column":28}},"3":{"start":{"line":4,"column":0},"end":{"line":4,"column":61}},"4":{"start":{"line":5,"column":0},"end":{"line":5,"column":46}},"5":{"start":{"line":6,"column":0},"end":{"line":6,"column":65}},"6":{"start":{"line":7,"column":0},"end":{"line":7,"column":78}},"7":{"start":{"line":8,"column":0},"end":{"line":8,"column":1}}},"s":{"0":1,"3":1,"4":1,"5":1,"6":1,"7":1},"branchMap":{"0":{"type":"branch","line":5,"loc":{"start":{"line":5,"column":2},"end":{"line":5,"column":46}},"locations":[{"start":{"line":5,"column":2},"end":{"line":5,"column":46}}]},"1":{"type":"branch","line":6,"loc":{"start":{"line":6,"column":2},"end":{"line":6,"column":65}},"locations":[{"start":{"line":6,"column":2},"end":{"line":6,"column":65}}]},"2":{"type":"branch","line":7,"loc":{"start":{"line":7,"column":2},"end":{"line":7,"column":78}},"locations":[{"start":{"line":7,"column":2},"end":{"line":7,"column":78}}]}},"b":{"0":[1],"1":[3],"2":[3]},"fnMap":{"0":{"name":"BcryptPasswordHasher","decl":{"start":{"line":5,"column":2},"end":{"line":5,"column":46}},"loc":{"start":{"line":5,"column":2},"end":{"line":5,"column":46}},"line":5},"1":{"name":"hash","decl":{"start":{"line":6,"column":2},"end":{"line":6,"column":65}},"loc":{"start":{"line":6,"column":2},"end":{"line":6,"column":65}},"line":6},"2":{"name":"compare","decl":{"start":{"line":7,"column":2},"end":{"line":7,"column":78}},"loc":{"start":{"line":7,"column":2},"end":{"line":7,"column":78}},"line":7}},"f":{"0":1,"1":3,"2":3}}
,"C:\\Users\\Hello\\OneDrive\\Desktop\\Backend\\infrastructure\\security\\JwtTokenService.ts": {"path":"C:\\Users\\Hello\\OneDrive\\Desktop\\Backend\\infrastructure\\security\\JwtTokenService.ts","all":false,"statementMap":{"0":{"start":{"line":1,"column":0},"end":{"line":1,"column":66}},"3":{"start":{"line":4,"column":0},"end":{"line":4,"column":54}},"4":{"start":{"line":5,"column":0},"end":{"line":5,"column":49}},"6":{"start":{"line":7,"column":0},"end":{"line":7,"column":77}},"7":{"start":{"line":8,"column":0},"end":{"line":8,"column":36}},"8":{"start":{"line":9,"column":0},"end":{"line":9,"column":43}},"9":{"start":{"line":10,"column":0},"end":{"line":10,"column":51}},"10":{"start":{"line":11,"column":0},"end":{"line":11,"column":3}},"11":{"start":{"line":12,"column":0},"end":{"line":12,"column":1}}},"s":{"0":1,"3":1,"4":1,"6":1,"7":3,"8":3,"9":3,"10":3,"11":1},"branchMap":{"0":{"type":"branch","line":5,"loc":{"start":{"line":5,"column":2},"end":{"line":5,"column":49}},"locations":[{"start":{"line":5,"column":2},"end":{"line":5,"column":49}}]},"1":{"type":"branch","line":7,"loc":{"start":{"line":7,"column":2},"end":{"line":11,"column":3}},"locations":[{"start":{"line":7,"column":2},"end":{"line":11,"column":3}}]}},"b":{"0":[1],"1":[3]},"fnMap":{"0":{"name":"JwtTokenService","decl":{"start":{"line":5,"column":2},"end":{"line":5,"column":49}},"loc":{"start":{"line":5,"column":2},"end":{"line":5,"column":49}},"line":5},"1":{"name":"sign","decl":{"start":{"line":7,"column":2},"end":{"line":11,"column":3}},"loc":{"start":{"line":7,"column":2},"end":{"line":11,"column":3}},"line":7}},"f":{"0":1,"1":3}}
,"C:\\Users\\Hello\\OneDrive\\Desktop\\Backend\\infrastructure\\storage\\LocalFileStorage.ts": {"path":"C:\\Users\\Hello\\OneDrive\\Desktop\\Backend\\infrastructure\\storage\\LocalFileStorage.ts","all":false,"statementMap":{"0":{"start":{"line":1,"column":0},"end":{"line":1,"column":29}},"2":{"start":{"line":3,"column":0},"end":{"line":3,"column":31}},"3":{"start":{"line":4,"column":0},"end":{"line":4,"column":44}},"4":{"start":{"line":5,"column":0},"end":{"line":5,"column":49}},"5":{"start":{"line":6,"column":0},"end":{"line":6,"column":62}},"6":{"start":{"line":7,"column":0},"end":{"line":7,"column":3}},"8":{"start":{"line":9,"column":0},"end":{"line":9,"column":62}},"9":{"start":{"line":10,"column":0},"end":{"line":10,"column":69}},"10":{"start":{"line":11,"column":0},"end":{"line":11,"column":51}},"11":{"start":{"line":12,"column":0},"end":{"line":12,"column":3}},"12":{"start":{"line":13,"column":0},"end":{"line":13,"column":1}}},"s":{"0":1,"2":1,"3":1,"4":1,"5":1,"6":1,"8":1,"9":1,"10":1,"11":1,"12":1},"branchMap":{"0":{"type":"branch","line":4,"loc":{"start":{"line":4,"column":2},"end":{"line":7,"column":3}},"locations":[{"start":{"line":4,"column":2},"end":{"line":7,"column":3}}]},"1":{"type":"branch","line":9,"loc":{"start":{"line":9,"column":2},"end":{"line":12,"column":3}},"locations":[{"start":{"line":9,"column":2},"end":{"line":12,"column":3}}]}},"b":{"0":[1],"1":[1]},"fnMap":{"0":{"name":"toRelative","decl":{"start":{"line":4,"column":2},"end":{"line":7,"column":3}},"loc":{"start":{"line":4,"column":2},"end":{"line":7,"column":3}},"line":4},"1":{"name":"toPublicUrl","decl":{"start":{"line":9,"column":2},"end":{"line":12,"column":3}},"loc":{"start":{"line":9,"column":2},"end":{"line":12,"column":3}},"line":9}},"f":{"0":1,"1":1}}
,"C:\\Users\\Hello\\OneDrive\\Desktop\\Backend\\interface\\http\\AuthController.ts": {"path":"C:\\Users\\Hello\\OneDrive\\Desktop\\Backend\\interface\\http\\AuthController.ts","all":false,"statementMap":{"5":{"start":{"line":6,"column":0},"end":{"line":6,"column":29}},"6":{"start":{"line":7,"column":0},"end":{"line":7,"column":137}},"8":{"start":{"line":9,"column":0},"end":{"line":9,"column":53}},"9":{"start":{"line":10,"column":0},"end":{"line":10,"column":41}},"10":{"start":{"line":11,"column":0},"end":{"line":11,"column":104}},"11":{"start":{"line":12,"column":0},"end":{"line":12,"column":9}},"12":{"start":{"line":13,"column":0},"end":{"line":13,"column":70}},"13":{"start":{"line":14,"column":0},"end":{"line":14,"column":33}},"14":{"start":{"line":15,"column":0},"end":{"line":15,"column":13}},"15":{"start":{"line":16,"column":0},"end":{"line":16,"column":66}},"16":{"start":{"line":17,"column":0},"end":{"line":17,"column":5}},"17":{"start":{"line":18,"column":0},"end":{"line":18,"column":4}},"19":{"start":{"line":20,"column":0},"end":{"line":20,"column":50}},"20":{"start":{"line":21,"column":0},"end":{"line":21,"column":41}},"21":{"start":{"line":22,"column":0},"end":{"line":22,"column":104}},"22":{"start":{"line":23,"column":0},"end":{"line":23,"column":9}},"23":{"start":{"line":24,"column":0},"end":{"line":24,"column":69}},"24":{"start":{"line":25,"column":0},"end":{"line":25,"column":23}},"25":{"start":{"line":26,"column":0},"end":{"line":26,"column":13}},"26":{"start":{"line":27,"column":0},"end":{"line":27,"column":61}},"27":{"start":{"line":28,"column":0},"end":{"line":28,"column":5}},"28":{"start":{"line":29,"column":0},"end":{"line":29,"column":4}},"30":{"start":{"line":31,"column":0},"end":{"line":31,"column":52}},"31":{"start":{"line":32,"column":0},"end":{"line":32,"column":9}},"32":{"start":{"line":33,"column":0},"end":{"line":33,"column":81}},"33":{"start":{"line":34,"column":0},"end":{"line":34,"column":21}},"34":{"start":{"line":35,"column":0},"end":{"line":35,"column":13}},"35":{"start":{"line":36,"column":0},"end":{"line":36,"column":56}},"36":{"start":{"line":37,"column":0},"end":{"line":37,"column":5}},"37":{"start":{"line":38,"column":0},"end":{"line":38,"column":4}},"38":{"start":{"line":39,"column":0},"end":{"line":39,"column":1}}},"s":{"5":1,"6":1,"8":1,"9":3,"10":3,"11":3,"12":3,"13":3,"14":3,"15":0,"16":0,"17":3,"19":1,"20":3,"21":3,"22":3,"23":3,"24":3,"25":3,"26":0,"27":0,"28":3,"30":1,"31":1,"32":1,"33":1,"34":1,"35":0,"36":0,"37":1,"38":1},"branchMap":{"0":{"type":"branch","line":7,"loc":{"start":{"line":7,"column":2},"end":{"line":38,"column":4}},"locations":[{"start":{"line":7,"column":2},"end":{"line":38,"column":4}}]},"1":{"type":"branch","line":9,"loc":{"start":{"line":9,"column":13},"end":{"line":18,"column":4}},"locations":[{"start":{"line":9,"column":13},"end":{"line":18,"column":4}}]},"2":{"type":"branch","line":11,"loc":{"start":{"line":11,"column":29},"end":{"line":11,"column":104}},"locations":[{"start":{"line":11,"column":29},"end":{"line":11,"column":104}}]},"3":{"type":"branch","line":15,"loc":{"start":{"line":15,"column":4},"end":{"line":17,"column":5}},"locations":[{"start":{"line":15,"column":4},"end":{"line":17,"column":5}}]},"4":{"type":"branch","line":20,"loc":{"start":{"line":20,"column":10},"end":{"line":29,"column":4}},"locations":[{"start":{"line":20,"column":10},"end":{"line":29,"column":4}}]},"5":{"type":"branch","line":22,"loc":{"start":{"line":22,"column":29},"end":{"line":22,"column":104}},"locations":[{"start":{"line":22,"column":29},"end":{"line":22,"column":104}}]},"6":{"type":"branch","line":26,"loc":{"start":{"line":26,"column":4},"end":{"line":28,"column":5}},"locations":[{"start":{"line":26,"column":4},"end":{"line":28,"column":5}}]},"7":{"type":"branch","line":31,"loc":{"start":{"line":31,"column":12},"end":{"line":38,"column":4}},"locations":[{"start":{"line":31,"column":12},"end":{"line":38,"column":4}}]},"8":{"type":"branch","line":35,"loc":{"start":{"line":35,"column":4},"end":{"line":37,"column":5}},"locations":[{"start":{"line":35,"column":4},"end":{"line":37,"column":5}}]}},"b":{"0":[1],"1":[3],"2":[0],"3":[0],"4":[3],"5":[0],"6":[0],"7":[1],"8":[0]},"fnMap":{"0":{"name":"AuthController","decl":{"start":{"line":7,"column":2},"end":{"line":38,"column":4}},"loc":{"start":{"line":7,"column":2},"end":{"line":38,"column":4}},"line":7},"1":{"name":"AuthController.register","decl":{"start":{"line":9,"column":13},"end":{"line":18,"column":4}},"loc":{"start":{"line":9,"column":13},"end":{"line":18,"column":4}},"line":9},"2":{"name":"AuthController.login","decl":{"start":{"line":20,"column":10},"end":{"line":29,"column":4}},"loc":{"start":{"line":20,"column":10},"end":{"line":29,"column":4}},"line":20},"3":{"name":"AuthController.promote","decl":{"start":{"line":31,"column":12},"end":{"line":38,"column":4}},"loc":{"start":{"line":31,"column":12},"end":{"line":38,"column":4}},"line":31}},"f":{"0":1,"1":3,"2":3,"3":1}}
,"C:\\Users\\Hello\\OneDrive\\Desktop\\Backend\\interface\\http\\TaskController.ts": {"path":"C:\\Users\\Hello\\OneDrive\\Desktop\\Backend\\interface\\http\\TaskController.ts","all":false,"statementMap":{"0":{"start":{"line":1,"column":0},"end":{"line":1,"column":44}},"6":{"start":{"line":7,"column":0},"end":{"line":7,"column":29}},"7":{"start":{"line":8,"column":0},"end":{"line":8,"column":14}},"8":{"start":{"line":9,"column":0},"end":{"line":9,"column":42}},"9":{"start":{"line":10,"column":0},"end":{"line":10,"column":40}},"10":{"start":{"line":11,"column":0},"end":{"line":11,"column":46}},"11":{"start":{"line":12,"column":0},"end":{"line":12,"column":46}},"12":{"start":{"line":13,"column":0},"end":{"line":13,"column":46}},"13":{"start":{"line":14,"column":0},"end":{"line":14,"column":48}},"14":{"start":{"line":15,"column":0},"end":{"line":15,"column":53}},"15":{"start":{"line":16,"column":0},"end":{"line":16,"column":6}},"17":{"start":{"line":18,"column":0},"end":{"line":18,"column":49}},"18":{"start":{"line":19,"column":0},"end":{"line":19,"column":27}},"19":{"start":{"line":20,"column":0},"end":{"line":20,"column":70}},"20":{"start":{"line":21,"column":0},"end":{"line":21,"column":114}},"21":{"start":{"line":22,"column":0},"end":{"line":22,"column":49}},"22":{"start":{"line":23,"column":0},"end":{"line":23,"column":16}},"23":{"start":{"line":24,"column":0},"end":{"line":24,"column":28}},"24":{"start":{"line":25,"column":0},"end":{"line":25,"column":19}},"25":{"start":{"line":26,"column":0},"end":{"line":26,"column":69}},"26":{"start":{"line":27,"column":0},"end":{"line":27,"column":18}},"27":{"start":{"line":28,"column":0},"end":{"line":28,"column":78}},"28":{"start":{"line":29,"column":0},"end":{"line":29,"column":72}},"29":{"start":{"line":30,"column":0},"end":{"line":30,"column":122}},"30":{"start":{"line":31,"column":0},"end":{"line":31,"column":8}},"31":{"start":{"line":32,"column":0},"end":{"line":32,"column":56}},"32":{"start":{"line":33,"column":0},"end":{"line":33,"column":59}},"33":{"start":{"line":34,"column":0},"end":{"line":34,"column":55}},"34":{"start":{"line":35,"column":0},"end":{"line":35,"column":51}},"35":{"start":{"line":36,"column":0},"end":{"line":36,"column":7}},"36":{"start":{"line":37,"column":0},"end":{"line":37,"column":114}},"37":{"start":{"line":38,"column":0},"end":{"line":38,"column":4}},"39":{"start":{"line":40,"column":0},"end":{"line":40,"column":48}},"40":{"start":{"line":41,"column":0},"end":{"line":41,"column":27}},"41":{"start":{"line":42,"column":0},"end":{"line":42,"column":61}},"42":{"start":{"line":43,"column":0},"end":{"line":43,"column":72}},"43":{"start":{"line":44,"column":0},"end":{"line":44,"column":114}},"44":{"start":{"line":45,"column":0},"end":{"line":45,"column":67}},"45":{"start":{"line":46,"column":0},"end":{"line":46,"column":4}},"47":{"start":{"line":48,"column":0},"end":{"line":48,"column":51}},"48":{"start":{"line":49,"column":0},"end":{"line":49,"column":44}},"49":{"start":{"line":50,"column":0},"end":{"line":50,"column":110}},"50":{"start":{"line":51,"column":0},"end":{"line":51,"column":102}},"51":{"start":{"line":52,"column":0},"end":{"line":52,"column":85}},"52":{"start":{"line":53,"column":0},"end":{"line":53,"column":4}},"54":{"start":{"line":55,"column":0},"end":{"line":55,"column":51}},"55":{"start":{"line":56,"column":0},"end":{"line":56,"column":27}},"56":{"start":{"line":57,"column":0},"end":{"line":57,"column":65}},"57":{"start":{"line":58,"column":0},"end":{"line":58,"column":77}},"58":{"start":{"line":59,"column":0},"end":{"line":59,"column":118}},"59":{"start":{"line":60,"column":0},"end":{"line":60,"column":55}},"60":{"start":{"line":61,"column":0},"end":{"line":61,"column":44}},"61":{"start":{"line":62,"column":0},"end":{"line":62,"column":50}},"62":{"start":{"line":63,"column":0},"end":{"line":63,"column":62}},"63":{"start":{"line":64,"column":0},"end":{"line":64,"column":68}},"64":{"start":{"line":65,"column":0},"end":{"line":65,"column":60}},"65":{"start":{"line":66,"column":0},"end":{"line":66,"column":77}},"66":{"start":{"line":67,"column":0},"end":{"line":67,"column":73}},"67":{"start":{"line":68,"column":0},"end":{"line":68,"column":4}},"69":{"start":{"line":70,"column":0},"end":{"line":70,"column":51}},"70":{"start":{"line":71,"column":0},"end":{"line":71,"column":27}},"71":{"start":{"line":72,"column":0},"end":{"line":72,"column":65}},"72":{"start":{"line":73,"column":0},"end":{"line":73,"column":76}},"73":{"start":{"line":74,"column":0},"end":{"line":74,"column":118}},"74":{"start":{"line":75,"column":0},"end":{"line":75,"column":62}},"75":{"start":{"line":76,"column":0},"end":{"line":76,"column":70}},"76":{"start":{"line":77,"column":0},"end":{"line":77,"column":56}},"77":{"start":{"line":78,"column":0},"end":{"line":78,"column":4}},"79":{"start":{"line":80,"column":0},"end":{"line":80,"column":51}},"80":{"start":{"line":81,"column":0},"end":{"line":81,"column":27}},"81":{"start":{"line":82,"column":0},"end":{"line":82,"column":65}},"82":{"start":{"line":83,"column":0},"end":{"line":83,"column":76}},"83":{"start":{"line":84,"column":0},"end":{"line":84,"column":118}},"84":{"start":{"line":85,"column":0},"end":{"line":85,"column":79}},"85":{"start":{"line":86,"column":0},"end":{"line":86,"column":60}},"86":{"start":{"line":87,"column":0},"end":{"line":87,"column":97}},"87":{"start":{"line":88,"column":0},"end":{"line":88,"column":87}},"88":{"start":{"line":89,"column":0},"end":{"line":89,"column":91}},"89":{"start":{"line":90,"column":0},"end":{"line":90,"column":75}},"90":{"start":{"line":91,"column":0},"end":{"line":91,"column":4}},"91":{"start":{"line":92,"column":0},"end":{"line":92,"column":1}}},"s":{"0":1,"6":1,"7":1,"8":1,"9":1,"10":1,"11":1,"12":1,"13":1,"14":1,"15":1,"17":1,"18":3,"19":3,"20":3,"21":3,"22":3,"23":3,"24":3,"25":3,"26":3,"27":3,"28":3,"29":3,"30":3,"31":3,"32":3,"33":3,"34":3,"35":3,"36":3,"37":3,"39":1,"40":2,"41":2,"42":2,"43":2,"44":0,"45":2,"47":1,"48":18,"49":18,"50":17,"51":17,"52":18,"54":1,"55":3,"56":3,"57":3,"58":3,"59":1,"60":1,"61":3,"62":1,"63":3,"64":1,"65":3,"66":1,"67":3,"69":1,"70":3,"71":3,"72":3,"73":3,"74":1,"75":3,"76":1,"77":3,"79":1,"80":1,"81":1,"82":1,"83":1,"84":1,"85":1,"86":1,"87":1,"88":1,"89":1,"90":1,"91":1},"branchMap":{"0":{"type":"branch","line":8,"loc":{"start":{"line":8,"column":2},"end":{"line":91,"column":4}},"locations":[{"start":{"line":8,"column":2},"end":{"line":91,"column":4}}]},"1":{"type":"branch","line":18,"loc":{"start":{"line":18,"column":9},"end":{"line":38,"column":4}},"locations":[{"start":{"line":18,"column":9},"end":{"line":38,"column":4}}]},"2":{"type":"branch","line":20,"loc":{"start":{"line":20,"column":37},"end":{"line":20,"column":70}},"locations":[{"start":{"line":20,"column":37},"end":{"line":20,"column":70}}]},"3":{"type":"branch","line":21,"loc":{"start":{"line":21,"column":46},"end":{"line":21,"column":62}},"locations":[{"start":{"line":21,"column":46},"end":{"line":21,"column":62}}]},"4":{"type":"branch","line":21,"loc":{"start":{"line":21,"column":86},"end":{"line":21,"column":104}},"locations":[{"start":{"line":21,"column":86},"end":{"line":21,"column":104}}]},"5":{"type":"branch","line":26,"loc":{"start":{"line":26,"column":34},"end":{"line":26,"column":59}},"locations":[{"start":{"line":26,"column":34},"end":{"line":26,"column":59}}]},"6":{"type":"branch","line":28,"loc":{"start":{"line":28,"column":40},"end":{"line":28,"column":68}},"locations":[{"start":{"line":28,"column":40},"end":{"line":28,"column":68}}]},"7":{"type":"branch","line":29,"loc":{"start":{"line":29,"column":36},"end":{"line":29,"column":62}},"locations":[{"start":{"line":29,"column":36},"end":{"line":29,"column":62}}]},"8":{"type":"branch","line":30,"loc":{"start":{"line":30,"column":51},"end":{"line":30,"column":67}},"locations":[{"start":{"line":30,"column":51},"end":{"line":30,"column":67}}]},"9":{"type":"branch","line":30,"loc":{"start":{"line":30,"column":95},"end":{"line":30,"column":113}},"locations":[{"start":{"line":30,"column":95},"end":{"line":30,"column":113}}]},"10":{"type":"branch","line":32,"loc":{"start":{"line":32,"column":38},"end":{"line":32,"column":49}},"locations":[{"start":{"line":32,"column":38},"end":{"line":32,"column":49}}]},"11":{"type":"branch","line":33,"loc":{"start":{"line":33,"column":39},"end":{"line":33,"column":52}},"locations":[{"start":{"line":33,"column":39},"end":{"line":33,"column":52}}]},"12":{"type":"branch","line":37,"loc":{"start":{"line":37,"column":37},"end":{"line":37,"column":90}},"locations":[{"start":{"line":37,"column":37},"end":{"line":37,"column":90}}]},"13":{"type":"branch","line":40,"loc":{"start":{"line":40,"column":8},"end":{"line":46,"column":4}},"locations":[{"start":{"line":40,"column":8},"end":{"line":46,"column":4}}]},"14":{"type":"branch","line":43,"loc":{"start":{"line":43,"column":15},"end":{"line":44,"column":62}},"locations":[{"start":{"line":43,"column":15},"end":{"line":44,"column":62}}]},"15":{"type":"branch","line":44,"loc":{"start":{"line":44,"column":62},"end":{"line":44,"column":114}},"locations":[{"start":{"line":44,"column":62},"end":{"line":44,"column":114}}]},"16":{"type":"branch","line":44,"loc":{"start":{"line":44,"column":112},"end":{"line":45,"column":67}},"locations":[{"start":{"line":44,"column":112},"end":{"line":45,"column":67}}]},"17":{"type":"branch","line":48,"loc":{"start":{"line":48,"column":11},"end":{"line":53,"column":4}},"locations":[{"start":{"line":48,"column":11},"end":{"line":53,"column":4}}]},"18":{"type":"branch","line":50,"loc":{"start":{"line":50,"column":25},"end":{"line":50,"column":52}},"locations":[{"start":{"line":50,"column":25},"end":{"line":50,"column":52}}]},"19":{"type":"branch","line":50,"loc":{"start":{"line":50,"column":52},"end":{"line":50,"column":110}},"locations":[{"start":{"line":50,"column":52},"end":{"line":50,"column":110}}]},"20":{"type":"branch","line":50,"loc":{"start":{"line":50,"column":108},"end":{"line":52,"column":85}},"locations":[{"start":{"line":50,"column":108},"end":{"line":52,"column":85}}]},"21":{"type":"branch","line":55,"loc":{"start":{"line":55,"column":11},"end":{"line":68,"column":4}},"locations":[{"start":{"line":55,"column":11},"end":{"line":68,"column":4}}]},"22":{"type":"branch","line":58,"loc":{"start":{"line":58,"column":19},"end":{"line":58,"column":77}},"locations":[{"start":{"line":58,"column":19},"end":{"line":58,"column":77}}]},"23":{"type":"branch","line":58,"loc":{"start":{"line":58,"column":75},"end":{"line":59,"column":43}},"locations":[{"start":{"line":58,"column":75},"end":{"line":59,"column":43}}]},"24":{"type":"branch","line":59,"loc":{"start":{"line":59,"column":33},"end":{"line":59,"column":66}},"locations":[{"start":{"line":59,"column":33},"end":{"line":59,"column":66}}]},"25":{"type":"branch","line":59,"loc":{"start":{"line":59,"column":66},"end":{"line":62,"column":36}},"locations":[{"start":{"line":59,"column":66},"end":{"line":62,"column":36}}]},"26":{"type":"branch","line":62,"loc":{"start":{"line":62,"column":29},"end":{"line":62,"column":50}},"locations":[{"start":{"line":62,"column":29},"end":{"line":62,"column":50}}]},"27":{"type":"branch","line":62,"loc":{"start":{"line":62,"column":44},"end":{"line":64,"column":42}},"locations":[{"start":{"line":62,"column":44},"end":{"line":64,"column":42}}]},"28":{"type":"branch","line":64,"loc":{"start":{"line":64,"column":35},"end":{"line":64,"column":68}},"locations":[{"start":{"line":64,"column":35},"end":{"line":64,"column":68}}]},"29":{"type":"branch","line":64,"loc":{"start":{"line":64,"column":56},"end":{"line":66,"column":25}},"locations":[{"start":{"line":64,"column":56},"end":{"line":66,"column":25}}]},"30":{"type":"branch","line":66,"loc":{"start":{"line":66,"column":18},"end":{"line":66,"column":77}},"locations":[{"start":{"line":66,"column":18},"end":{"line":66,"column":77}}]},"31":{"type":"branch","line":66,"loc":{"start":{"line":66,"column":75},"end":{"line":67,"column":73}},"locations":[{"start":{"line":66,"column":75},"end":{"line":67,"column":73}}]},"32":{"type":"branch","line":70,"loc":{"start":{"line":70,"column":11},"end":{"line":78,"column":4}},"locations":[{"start":{"line":70,"column":11},"end":{"line":78,"column":4}}]},"33":{"type":"branch","line":73,"loc":{"start":{"line":73,"column":19},"end":{"line":73,"column":76}},"locations":[{"start":{"line":73,"column":19},"end":{"line":73,"column":76}}]},"34":{"type":"branch","line":73,"loc":{"start":{"line":73,"column":74},"end":{"line":74,"column":43}},"locations":[{"start":{"line":73,"column":74},"end":{"line":74,"column":43}}]},"35":{"type":"branch","line":74,"loc":{"start":{"line":74,"column":33},"end":{"line":74,"column":66}},"locations":[{"start":{"line":74,"column":33},"end":{"line":74,"column":66}}]},"36":{"type":"branch","line":74,"loc":{"start":{"line":74,"column":66},"end":{"line":76,"column":20}},"locations":[{"start":{"line":74,"column":66},"end":{"line":76,"column":20}}]},"37":{"type":"branch","line":76,"loc":{"start":{"line":76,"column":13},"end":{"line":76,"column":70}},"locations":[{"start":{"line":76,"column":13},"end":{"line":76,"column":70}}]},"38":{"type":"branch","line":76,"loc":{"start":{"line":76,"column":68},"end":{"line":77,"column":56}},"locations":[{"start":{"line":76,"column":68},"end":{"line":77,"column":56}}]},"39":{"type":"branch","line":80,"loc":{"start":{"line":80,"column":11},"end":{"line":91,"column":4}},"locations":[{"start":{"line":80,"column":11},"end":{"line":91,"column":4}}]},"40":{"type":"branch","line":83,"loc":{"start":{"line":83,"column":19},"end":{"line":83,"column":76}},"locations":[{"start":{"line":83,"column":19},"end":{"line":83,"column":76}}]},"41":{"type":"branch","line":84,"loc":{"start":{"line":84,"column":33},"end":{"line":84,"column":66}},"locations":[{"start":{"line":84,"column":33},"end":{"line":84,"column":66}}]},"42":{"type":"branch","line":84,"loc":{"start":{"line":84,"column":66},"end":{"line":84,"column":118}},"locations":[{"start":{"line":84,"column":66},"end":{"line":84,"column":118}}]},"43":{"type":"branch","line":85,"loc":{"start":{"line":85,"column":19},"end":{"line":85,"column":79}},"locations":[{"start":{"line":85,"column":19},"end":{"line":85,"column":79}}]},"44":{"type":"branch","line":88,"loc":{"start":{"line":88,"column":18},"end":{"line":88,"column":87}},"locations":[{"start":{"line":88,"column":18},"end":{"line":88,"column":87}}]}},"b":{"0":[1],"1":[3],"2":[1],"3":[0],"4":[0],"5":[0],"6":[0],"7":[0],"8":[0],"9":[0],"10":[2],"11":[2],"12":[7],"13":[2],"14":[1],"15":[1],"16":[0],"17":[18],"18":[17],"19":[1],"20":[17],"21":[3],"22":[1],"23":[2],"24":[1],"25":[1],"26":[0],"27":[1],"28":[0],"29":[1],"30":[0],"31":[1],"32":[3],"33":[1],"34":[2],"35":[1],"36":[1],"37":[0],"38":[1],"39":[1],"40":[0],"41":[0],"42":[0],"43":[0],"44":[0]},"fnMap":{"0":{"name":"TaskController","decl":{"start":{"line":8,"column":2},"end":{"line":91,"column":4}},"loc":{"start":{"line":8,"column":2},"end":{"line":91,"column":4}},"line":8},"1":{"name":"TaskController.list","decl":{"start":{"line":18,"column":9},"end":{"line":38,"column":4}},"loc":{"start":{"line":18,"column":9},"end":{"line":38,"column":4}},"line":18},"2":{"name":"TaskController.get","decl":{"start":{"line":40,"column":8},"end":{"line":46,"column":4}},"loc":{"start":{"line":40,"column":8},"end":{"line":46,"column":4}},"line":40},"3":{"name":"TaskController.create","decl":{"start":{"line":48,"column":11},"end":{"line":53,"column":4}},"loc":{"start":{"line":48,"column":11},"end":{"line":53,"column":4}},"line":48},"4":{"name":"TaskController.update","decl":{"start":{"line":55,"column":11},"end":{"line":68,"column":4}},"loc":{"start":{"line":55,"column":11},"end":{"line":68,"column":4}},"line":55},"5":{"name":"TaskController.delete","decl":{"start":{"line":70,"column":11},"end":{"line":78,"column":4}},"loc":{"start":{"line":70,"column":11},"end":{"line":78,"column":4}},"line":70},"6":{"name":"TaskController.upload","decl":{"start":{"line":80,"column":11},"end":{"line":91,"column":4}},"loc":{"start":{"line":80,"column":11},"end":{"line":91,"column":4}},"line":80}},"f":{"0":1,"1":3,"2":2,"3":18,"4":3,"5":3,"6":1}}
,"C:\\Users\\Hello\\OneDrive\\Desktop\\Backend\\interface\\http\\routes\\cleanAuth.ts": {"path":"C:\\Users\\Hello\\OneDrive\\Desktop\\Backend\\interface\\http\\routes\\cleanAuth.ts","all":false,"statementMap":{"0":{"start":{"line":1,"column":0},"end":{"line":1,"column":52}},"4":{"start":{"line":5,"column":0},"end":{"line":5,"column":60}},"5":{"start":{"line":6,"column":0},"end":{"line":6,"column":26}},"7":{"start":{"line":8,"column":0},"end":{"line":8,"column":48}},"8":{"start":{"line":9,"column":0},"end":{"line":9,"column":42}},"10":{"start":{"line":11,"column":0},"end":{"line":11,"column":71}},"11":{"start":{"line":12,"column":0},"end":{"line":12,"column":61}},"12":{"start":{"line":13,"column":0},"end":{"line":13,"column":5}},"14":{"start":{"line":15,"column":0},"end":{"line":15,"column":92}},"16":{"start":{"line":17,"column":0},"end":{"line":17,"column":63}},"18":{"start":{"line":19,"column":0},"end":{"line":19,"column":16}},"19":{"start":{"line":20,"column":0},"end":{"line":20,"column":1}}},"s":{"0":1,"4":1,"5":1,"7":1,"8":1,"10":1,"11":0,"12":1,"14":1,"16":1,"18":1,"19":1},"branchMap":{"0":{"type":"branch","line":5,"loc":{"start":{"line":5,"column":7},"end":{"line":20,"column":1}},"locations":[{"start":{"line":5,"column":7},"end":{"line":20,"column":1}}]},"1":{"type":"branch","line":17,"loc":{"start":{"line":17,"column":24},"end":{"line":17,"column":61}},"locations":[{"start":{"line":17,"column":24},"end":{"line":17,"column":61}}]}},"b":{"0":[1],"1":[1]},"fnMap":{"0":{"name":"bindAuthRoutes","decl":{"start":{"line":5,"column":7},"end":{"line":20,"column":1}},"loc":{"start":{"line":5,"column":7},"end":{"line":20,"column":1}},"line":5}},"f":{"0":1}}
,"C:\\Users\\Hello\\OneDrive\\Desktop\\Backend\\interface\\http\\routes\\cleanTodos.ts": {"path":"C:\\Users\\Hello\\OneDrive\\Desktop\\Backend\\interface\\http\\routes\\cleanTodos.ts","all":false,"statementMap":{"0":{"start":{"line":1,"column":0},"end":{"line":1,"column":33}},"7":{"start":{"line":8,"column":0},"end":{"line":8,"column":60}},"8":{"start":{"line":9,"column":0},"end":{"line":9,"column":26}},"9":{"start":{"line":10,"column":0},"end":{"line":10,"column":30}},"11":{"start":{"line":12,"column":0},"end":{"line":12,"column":60}},"12":{"start":{"line":13,"column":0},"end":{"line":13,"column":48}},"13":{"start":{"line":14,"column":0},"end":{"line":14,"column":85}},"15":{"start":{"line":16,"column":0},"end":{"line":16,"column":35}},"16":{"start":{"line":17,"column":0},"end":{"line":17,"column":37}},"17":{"start":{"line":18,"column":0},"end":{"line":18,"column":38}},"18":{"start":{"line":19,"column":0},"end":{"line":19,"column":40}},"19":{"start":{"line":20,"column":0},"end":{"line":20,"column":43}},"20":{"start":{"line":21,"column":0},"end":{"line":21,"column":71}},"22":{"start":{"line":23,"column":0},"end":{"line":23,"column":16}},"23":{"start":{"line":24,"column":0},"end":{"line":24,"column":1}}},"s":{"0":1,"7":1,"8":1,"9":1,"11":1,"12":1,"13":1,"15":1,"16":1,"17":1,"18":1,"19":1,"20":1,"22":1,"23":1},"branchMap":{"0":{"type":"branch","line":8,"loc":{"start":{"line":8,"column":7},"end":{"line":24,"column":1}},"locations":[{"start":{"line":8,"column":7},"end":{"line":24,"column":1}}]}},"b":{"0":[1]},"fnMap":{"0":{"name":"bindTaskRoutes","decl":{"start":{"line":8,"column":7},"end":{"line":24,"column":1}},"loc":{"start":{"line":8,"column":7},"end":{"line":24,"column":1}},"line":8}},"f":{"0":1}}
,"C:\\Users\\Hello\\OneDrive\\Desktop\\Backend\\middleware\\auth.ts": {"path":"C:\\Users\\Hello\\OneDrive\\Desktop\\Backend\\middleware\\auth.ts","all":false,"statementMap":{"0":{"start":{"line":1,"column":0},"end":{"line":1,"column":58}},"10":{"start":{"line":11,"column":0},"end":{"line":11,"column":82}},"11":{"start":{"line":12,"column":0},"end":{"line":12,"column":49}},"12":{"start":{"line":13,"column":0},"end":{"line":13,"column":70}},"13":{"start":{"line":14,"column":0},"end":{"line":14,"column":70}},"15":{"start":{"line":16,"column":0},"end":{"line":16,"column":7}},"16":{"start":{"line":17,"column":0},"end":{"line":17,"column":92}},"17":{"start":{"line":18,"column":0},"end":{"line":18,"column":62}},"18":{"start":{"line":19,"column":0},"end":{"line":19,"column":18}},"19":{"start":{"line":20,"column":0},"end":{"line":20,"column":11}},"20":{"start":{"line":21,"column":0},"end":{"line":21,"column":60}},"21":{"start":{"line":22,"column":0},"end":{"line":22,"column":3}},"22":{"start":{"line":23,"column":0},"end":{"line":23,"column":1}},"24":{"start":{"line":25,"column":0},"end":{"line":25,"column":67}},"25":{"start":{"line":26,"column":0},"end":{"line":26,"column":63}},"26":{"start":{"line":27,"column":0},"end":{"line":27,"column":74}},"27":{"start":{"line":28,"column":0},"end":{"line":28,"column":92}},"28":{"start":{"line":29,"column":0},"end":{"line":29,"column":11}},"29":{"start":{"line":30,"column":0},"end":{"line":30,"column":4}},"30":{"start":{"line":31,"column":0},"end":{"line":31,"column":1}}},"s":{"0":1,"10":1,"11":33,"12":33,"13":33,"15":32,"16":33,"17":33,"18":33,"19":33,"20":0,"21":0,"22":33,"24":1,"25":1,"26":2,"27":2,"28":1,"29":2,"30":1},"branchMap":{"0":{"type":"branch","line":11,"loc":{"start":{"line":11,"column":7},"end":{"line":23,"column":1}},"locations":[{"start":{"line":11,"column":7},"end":{"line":23,"column":1}}]},"1":{"type":"branch","line":12,"loc":{"start":{"line":12,"column":29},"end":{"line":12,"column":49}},"locations":[{"start":{"line":12,"column":29},"end":{"line":12,"column":49}}]},"2":{"type":"branch","line":13,"loc":{"start":{"line":13,"column":43},"end":{"line":13,"column":65}},"locations":[{"start":{"line":13,"column":43},"end":{"line":13,"column":65}}]},"3":{"type":"branch","line":13,"loc":{"start":{"line":13,"column":61},"end":{"line":13,"column":70}},"locations":[{"start":{"line":13,"column":61},"end":{"line":13,"column":70}}]},"4":{"type":"branch","line":14,"loc":{"start":{"line":14,"column":14},"end":{"line":14,"column":70}},"locations":[{"start":{"line":14,"column":14},"end":{"line":14,"column":70}}]},"5":{"type":"branch","line":14,"loc":{"start":{"line":14,"column":68},"end":{"line":17,"column":64}},"locations":[{"start":{"line":14,"column":68},"end":{"line":17,"column":64}}]},"6":{"type":"branch","line":17,"loc":{"start":{"line":17,"column":50},"end":{"line":17,"column":76}},"locations":[{"start":{"line":17,"column":50},"end":{"line":17,"column":76}}]},"7":{"type":"branch","line":20,"loc":{"start":{"line":20,"column":2},"end":{"line":22,"column":3}},"locations":[{"start":{"line":20,"column":2},"end":{"line":22,"column":3}}]},"8":{"type":"branch","line":25,"loc":{"start":{"line":25,"column":7},"end":{"line":31,"column":1}},"locations":[{"start":{"line":25,"column":7},"end":{"line":31,"column":1}}]},"9":{"type":"branch","line":26,"loc":{"start":{"line":26,"column":9},"end":{"line":30,"column":4}},"locations":[{"start":{"line":26,"column":9},"end":{"line":30,"column":4}}]},"10":{"type":"branch","line":27,"loc":{"start":{"line":27,"column":19},"end":{"line":27,"column":74}},"locations":[{"start":{"line":27,"column":19},"end":{"line":27,"column":74}}]},"11":{"type":"branch","line":28,"loc":{"start":{"line":28,"column":40},"end":{"line":29,"column":11}},"locations":[{"start":{"line":28,"column":40},"end":{"line":29,"column":11}}]}},"b":{"0":[33],"1":[1],"2":[32],"3":[1],"4":[1],"5":[32],"6":[0],"7":[0],"8":[1],"9":[2],"10":[0],"11":[1]},"fnMap":{"0":{"name":"authenticateJWT","decl":{"start":{"line":11,"column":7},"end":{"line":23,"column":1}},"loc":{"start":{"line":11,"column":7},"end":{"line":23,"column":1}},"line":11},"1":{"name":"authorizeRoles","decl":{"start":{"line":25,"column":7},"end":{"line":31,"column":1}},"loc":{"start":{"line":25,"column":7},"end":{"line":31,"column":1}},"line":25}},"f":{"0":33,"1":1}}
}
